2023-10-06 10:21:59,192 [Worker-1: Loading available Gradle versions] INFO  o.e.b.c.i.u.g.PublishedGradleVersions - Gradle version information cache is out-of-date. Trying to update.
2023-10-06 10:23:26,053 [Worker-0: Launching mavenrun-15f6c9da-737a-4789-a612-833fc6d8c990] INFO  o.eclipse.m2e.core.internal.Bundles - getClasspathEntries(Bundle=org.eclipse.m2e.maven.runtime_3.8.701.20230209-1606 [610])
2023-10-06 10:23:26,083 [Worker-0: Launching mavenrun-15f6c9da-737a-4789-a612-833fc6d8c990] INFO  o.eclipse.m2e.core.internal.Bundles - 	Entry: C:\Users\pramitad\Downloads\eclipse-jee-2023-03-R-win32-x86_64 (1)\eclipse\plugins\org.eclipse.m2e.maven.runtime_3.8.701.20230209-1606
2023-10-06 10:23:26,083 [Worker-0: Launching mavenrun-15f6c9da-737a-4789-a612-833fc6d8c990] INFO  o.eclipse.m2e.core.internal.Bundles - 	Entry: C:\Users\pramitad\Downloads\eclipse-jee-2023-03-R-win32-x86_64 (1)\eclipse\plugins\org.eclipse.m2e.maven.runtime_3.8.701.20230209-1606\jars\aether-connector-okhttp-0.17.8.jar
2023-10-06 10:23:26,084 [Worker-0: Launching mavenrun-15f6c9da-737a-4789-a612-833fc6d8c990] INFO  o.eclipse.m2e.core.internal.Bundles - 	Entry: C:\Users\pramitad\Downloads\eclipse-jee-2023-03-R-win32-x86_64 (1)\eclipse\plugins\org.eclipse.m2e.maven.runtime_3.8.701.20230209-1606\jars\commons-lang3-3.8.1.jar
2023-10-06 10:23:26,084 [Worker-0: Launching mavenrun-15f6c9da-737a-4789-a612-833fc6d8c990] INFO  o.eclipse.m2e.core.internal.Bundles - 	Entry: C:\Users\pramitad\Downloads\eclipse-jee-2023-03-R-win32-x86_64 (1)\eclipse\plugins\org.eclipse.m2e.maven.runtime_3.8.701.20230209-1606\jars\guice-4.2.2-no_aop.jar
2023-10-06 10:23:26,084 [Worker-0: Launching mavenrun-15f6c9da-737a-4789-a612-833fc6d8c990] INFO  o.eclipse.m2e.core.internal.Bundles - 	Entry: C:\Users\pramitad\Downloads\eclipse-jee-2023-03-R-win32-x86_64 (1)\eclipse\plugins\org.eclipse.m2e.maven.runtime_3.8.701.20230209-1606\jars\jansi-2.4.0.jar
2023-10-06 10:23:26,084 [Worker-0: Launching mavenrun-15f6c9da-737a-4789-a612-833fc6d8c990] INFO  o.eclipse.m2e.core.internal.Bundles - 	Entry: C:\Users\pramitad\Downloads\eclipse-jee-2023-03-R-win32-x86_64 (1)\eclipse\plugins\org.eclipse.m2e.maven.runtime_3.8.701.20230209-1606\jars\maven-artifact-3.8.7.jar
2023-10-06 10:23:26,084 [Worker-0: Launching mavenrun-15f6c9da-737a-4789-a612-833fc6d8c990] INFO  o.eclipse.m2e.core.internal.Bundles - 	Entry: C:\Users\pramitad\Downloads\eclipse-jee-2023-03-R-win32-x86_64 (1)\eclipse\plugins\org.eclipse.m2e.maven.runtime_3.8.701.20230209-1606\jars\maven-builder-support-3.8.7.jar
2023-10-06 10:23:26,085 [Worker-0: Launching mavenrun-15f6c9da-737a-4789-a612-833fc6d8c990] INFO  o.eclipse.m2e.core.internal.Bundles - 	Entry: C:\Users\pramitad\Downloads\eclipse-jee-2023-03-R-win32-x86_64 (1)\eclipse\plugins\org.eclipse.m2e.maven.runtime_3.8.701.20230209-1606\jars\maven-compat-3.8.7.jar
2023-10-06 10:23:26,085 [Worker-0: Launching mavenrun-15f6c9da-737a-4789-a612-833fc6d8c990] INFO  o.eclipse.m2e.core.internal.Bundles - 	Entry: C:\Users\pramitad\Downloads\eclipse-jee-2023-03-R-win32-x86_64 (1)\eclipse\plugins\org.eclipse.m2e.maven.runtime_3.8.701.20230209-1606\jars\maven-core-3.8.7.jar
2023-10-06 10:23:26,085 [Worker-0: Launching mavenrun-15f6c9da-737a-4789-a612-833fc6d8c990] INFO  o.eclipse.m2e.core.internal.Bundles - 	Entry: C:\Users\pramitad\Downloads\eclipse-jee-2023-03-R-win32-x86_64 (1)\eclipse\plugins\org.eclipse.m2e.maven.runtime_3.8.701.20230209-1606\jars\maven-embedder-3.8.7.jar
2023-10-06 10:23:26,085 [Worker-0: Launching mavenrun-15f6c9da-737a-4789-a612-833fc6d8c990] INFO  o.eclipse.m2e.core.internal.Bundles - 	Entry: C:\Users\pramitad\Downloads\eclipse-jee-2023-03-R-win32-x86_64 (1)\eclipse\plugins\org.eclipse.m2e.maven.runtime_3.8.701.20230209-1606\jars\maven-model-3.8.7.jar
2023-10-06 10:23:26,086 [Worker-0: Launching mavenrun-15f6c9da-737a-4789-a612-833fc6d8c990] INFO  o.eclipse.m2e.core.internal.Bundles - 	Entry: C:\Users\pramitad\Downloads\eclipse-jee-2023-03-R-win32-x86_64 (1)\eclipse\plugins\org.eclipse.m2e.maven.runtime_3.8.701.20230209-1606\jars\maven-model-builder-3.8.7.jar
2023-10-06 10:23:26,086 [Worker-0: Launching mavenrun-15f6c9da-737a-4789-a612-833fc6d8c990] INFO  o.eclipse.m2e.core.internal.Bundles - 	Entry: C:\Users\pramitad\Downloads\eclipse-jee-2023-03-R-win32-x86_64 (1)\eclipse\plugins\org.eclipse.m2e.maven.runtime_3.8.701.20230209-1606\jars\maven-plugin-api-3.8.7.jar
2023-10-06 10:23:26,086 [Worker-0: Launching mavenrun-15f6c9da-737a-4789-a612-833fc6d8c990] INFO  o.eclipse.m2e.core.internal.Bundles - 	Entry: C:\Users\pramitad\Downloads\eclipse-jee-2023-03-R-win32-x86_64 (1)\eclipse\plugins\org.eclipse.m2e.maven.runtime_3.8.701.20230209-1606\jars\maven-repository-metadata-3.8.7.jar
2023-10-06 10:23:26,087 [Worker-0: Launching mavenrun-15f6c9da-737a-4789-a612-833fc6d8c990] INFO  o.eclipse.m2e.core.internal.Bundles - 	Entry: C:\Users\pramitad\Downloads\eclipse-jee-2023-03-R-win32-x86_64 (1)\eclipse\plugins\org.eclipse.m2e.maven.runtime_3.8.701.20230209-1606\jars\maven-resolver-api-1.6.3.jar
2023-10-06 10:23:26,087 [Worker-0: Launching mavenrun-15f6c9da-737a-4789-a612-833fc6d8c990] INFO  o.eclipse.m2e.core.internal.Bundles - 	Entry: C:\Users\pramitad\Downloads\eclipse-jee-2023-03-R-win32-x86_64 (1)\eclipse\plugins\org.eclipse.m2e.maven.runtime_3.8.701.20230209-1606\jars\maven-resolver-connector-basic-1.6.3.jar
2023-10-06 10:23:26,087 [Worker-0: Launching mavenrun-15f6c9da-737a-4789-a612-833fc6d8c990] INFO  o.eclipse.m2e.core.internal.Bundles - 	Entry: C:\Users\pramitad\Downloads\eclipse-jee-2023-03-R-win32-x86_64 (1)\eclipse\plugins\org.eclipse.m2e.maven.runtime_3.8.701.20230209-1606\jars\maven-resolver-impl-1.6.3.jar
2023-10-06 10:23:26,087 [Worker-0: Launching mavenrun-15f6c9da-737a-4789-a612-833fc6d8c990] INFO  o.eclipse.m2e.core.internal.Bundles - 	Entry: C:\Users\pramitad\Downloads\eclipse-jee-2023-03-R-win32-x86_64 (1)\eclipse\plugins\org.eclipse.m2e.maven.runtime_3.8.701.20230209-1606\jars\maven-resolver-provider-3.8.7.jar
2023-10-06 10:23:26,087 [Worker-0: Launching mavenrun-15f6c9da-737a-4789-a612-833fc6d8c990] INFO  o.eclipse.m2e.core.internal.Bundles - 	Entry: C:\Users\pramitad\Downloads\eclipse-jee-2023-03-R-win32-x86_64 (1)\eclipse\plugins\org.eclipse.m2e.maven.runtime_3.8.701.20230209-1606\jars\maven-resolver-spi-1.6.3.jar
2023-10-06 10:23:26,087 [Worker-0: Launching mavenrun-15f6c9da-737a-4789-a612-833fc6d8c990] INFO  o.eclipse.m2e.core.internal.Bundles - 	Entry: C:\Users\pramitad\Downloads\eclipse-jee-2023-03-R-win32-x86_64 (1)\eclipse\plugins\org.eclipse.m2e.maven.runtime_3.8.701.20230209-1606\jars\maven-resolver-transport-wagon-1.6.3.jar
2023-10-06 10:23:26,089 [Worker-0: Launching mavenrun-15f6c9da-737a-4789-a612-833fc6d8c990] INFO  o.eclipse.m2e.core.internal.Bundles - 	Entry: C:\Users\pramitad\Downloads\eclipse-jee-2023-03-R-win32-x86_64 (1)\eclipse\plugins\org.eclipse.m2e.maven.runtime_3.8.701.20230209-1606\jars\maven-resolver-util-1.6.3.jar
2023-10-06 10:23:26,089 [Worker-0: Launching mavenrun-15f6c9da-737a-4789-a612-833fc6d8c990] INFO  o.eclipse.m2e.core.internal.Bundles - 	Entry: C:\Users\pramitad\Downloads\eclipse-jee-2023-03-R-win32-x86_64 (1)\eclipse\plugins\org.eclipse.m2e.maven.runtime_3.8.701.20230209-1606\jars\maven-settings-3.8.7.jar
2023-10-06 10:23:26,089 [Worker-0: Launching mavenrun-15f6c9da-737a-4789-a612-833fc6d8c990] INFO  o.eclipse.m2e.core.internal.Bundles - 	Entry: C:\Users\pramitad\Downloads\eclipse-jee-2023-03-R-win32-x86_64 (1)\eclipse\plugins\org.eclipse.m2e.maven.runtime_3.8.701.20230209-1606\jars\maven-settings-builder-3.8.7.jar
2023-10-06 10:23:26,089 [Worker-0: Launching mavenrun-15f6c9da-737a-4789-a612-833fc6d8c990] INFO  o.eclipse.m2e.core.internal.Bundles - 	Entry: C:\Users\pramitad\Downloads\eclipse-jee-2023-03-R-win32-x86_64 (1)\eclipse\plugins\org.eclipse.m2e.maven.runtime_3.8.701.20230209-1606\jars\maven-shared-utils-3.3.4.jar
2023-10-06 10:23:26,089 [Worker-0: Launching mavenrun-15f6c9da-737a-4789-a612-833fc6d8c990] INFO  o.eclipse.m2e.core.internal.Bundles - 	Entry: C:\Users\pramitad\Downloads\eclipse-jee-2023-03-R-win32-x86_64 (1)\eclipse\plugins\org.eclipse.m2e.maven.runtime_3.8.701.20230209-1606\jars\okhttp-3.14.1.jar
2023-10-06 10:23:26,089 [Worker-0: Launching mavenrun-15f6c9da-737a-4789-a612-833fc6d8c990] INFO  o.eclipse.m2e.core.internal.Bundles - 	Entry: C:\Users\pramitad\Downloads\eclipse-jee-2023-03-R-win32-x86_64 (1)\eclipse\plugins\org.eclipse.m2e.maven.runtime_3.8.701.20230209-1606\jars\okio-1.17.3.jar
2023-10-06 10:23:26,089 [Worker-0: Launching mavenrun-15f6c9da-737a-4789-a612-833fc6d8c990] INFO  o.eclipse.m2e.core.internal.Bundles - 	Entry: C:\Users\pramitad\Downloads\eclipse-jee-2023-03-R-win32-x86_64 (1)\eclipse\plugins\org.eclipse.m2e.maven.runtime_3.8.701.20230209-1606\jars\org.eclipse.sisu.inject-0.3.5.jar
2023-10-06 10:23:26,089 [Worker-0: Launching mavenrun-15f6c9da-737a-4789-a612-833fc6d8c990] INFO  o.eclipse.m2e.core.internal.Bundles - 	Entry: C:\Users\pramitad\Downloads\eclipse-jee-2023-03-R-win32-x86_64 (1)\eclipse\plugins\org.eclipse.m2e.maven.runtime_3.8.701.20230209-1606\jars\org.eclipse.sisu.plexus-0.3.5.jar
2023-10-06 10:23:26,089 [Worker-0: Launching mavenrun-15f6c9da-737a-4789-a612-833fc6d8c990] INFO  o.eclipse.m2e.core.internal.Bundles - 	Entry: C:\Users\pramitad\Downloads\eclipse-jee-2023-03-R-win32-x86_64 (1)\eclipse\plugins\org.eclipse.m2e.maven.runtime_3.8.701.20230209-1606\jars\plexus-build-api-0.0.7.jar
2023-10-06 10:23:26,090 [Worker-0: Launching mavenrun-15f6c9da-737a-4789-a612-833fc6d8c990] INFO  o.eclipse.m2e.core.internal.Bundles - 	Entry: C:\Users\pramitad\Downloads\eclipse-jee-2023-03-R-win32-x86_64 (1)\eclipse\plugins\org.eclipse.m2e.maven.runtime_3.8.701.20230209-1606\jars\plexus-cipher-2.0.jar
2023-10-06 10:23:26,090 [Worker-0: Launching mavenrun-15f6c9da-737a-4789-a612-833fc6d8c990] INFO  o.eclipse.m2e.core.internal.Bundles - 	Entry: C:\Users\pramitad\Downloads\eclipse-jee-2023-03-R-win32-x86_64 (1)\eclipse\plugins\org.eclipse.m2e.maven.runtime_3.8.701.20230209-1606\jars\plexus-classworlds-2.6.0.jar
2023-10-06 10:23:26,090 [Worker-0: Launching mavenrun-15f6c9da-737a-4789-a612-833fc6d8c990] INFO  o.eclipse.m2e.core.internal.Bundles - 	Entry: C:\Users\pramitad\Downloads\eclipse-jee-2023-03-R-win32-x86_64 (1)\eclipse\plugins\org.eclipse.m2e.maven.runtime_3.8.701.20230209-1606\jars\plexus-component-annotations-2.1.0.jar
2023-10-06 10:23:26,090 [Worker-0: Launching mavenrun-15f6c9da-737a-4789-a612-833fc6d8c990] INFO  o.eclipse.m2e.core.internal.Bundles - 	Entry: C:\Users\pramitad\Downloads\eclipse-jee-2023-03-R-win32-x86_64 (1)\eclipse\plugins\org.eclipse.m2e.maven.runtime_3.8.701.20230209-1606\jars\plexus-interpolation-1.26.jar
2023-10-06 10:23:26,091 [Worker-0: Launching mavenrun-15f6c9da-737a-4789-a612-833fc6d8c990] INFO  o.eclipse.m2e.core.internal.Bundles - 	Entry: C:\Users\pramitad\Downloads\eclipse-jee-2023-03-R-win32-x86_64 (1)\eclipse\plugins\org.eclipse.m2e.maven.runtime_3.8.701.20230209-1606\jars\plexus-sec-dispatcher-2.0.jar
2023-10-06 10:23:26,092 [Worker-0: Launching mavenrun-15f6c9da-737a-4789-a612-833fc6d8c990] INFO  o.eclipse.m2e.core.internal.Bundles - 	Entry: C:\Users\pramitad\Downloads\eclipse-jee-2023-03-R-win32-x86_64 (1)\eclipse\plugins\org.eclipse.m2e.maven.runtime_3.8.701.20230209-1606\jars\plexus-utils-3.3.1.jar
2023-10-06 10:23:26,092 [Worker-0: Launching mavenrun-15f6c9da-737a-4789-a612-833fc6d8c990] INFO  o.eclipse.m2e.core.internal.Bundles - 	Entry: C:\Users\pramitad\Downloads\eclipse-jee-2023-03-R-win32-x86_64 (1)\eclipse\plugins\org.eclipse.m2e.maven.runtime_3.8.701.20230209-1606\jars\wagon-file-3.5.3.jar
2023-10-06 10:23:26,092 [Worker-0: Launching mavenrun-15f6c9da-737a-4789-a612-833fc6d8c990] INFO  o.eclipse.m2e.core.internal.Bundles - 	Entry: C:\Users\pramitad\Downloads\eclipse-jee-2023-03-R-win32-x86_64 (1)\eclipse\plugins\org.eclipse.m2e.maven.runtime_3.8.701.20230209-1606\jars\wagon-provider-api-3.5.3.jar
2023-10-06 10:23:26,093 [Worker-0: Launching mavenrun-15f6c9da-737a-4789-a612-833fc6d8c990] INFO  o.eclipse.m2e.core.internal.Bundles - getClasspathEntries(Bundle=com.google.guava_31.1.0.jre [11])
2023-10-06 10:23:26,095 [Worker-0: Launching mavenrun-15f6c9da-737a-4789-a612-833fc6d8c990] INFO  o.eclipse.m2e.core.internal.Bundles - 	Entry: C:\Users\pramitad\Downloads\eclipse-jee-2023-03-R-win32-x86_64 (1)\eclipse\plugins\com.google.guava_31.1.0.jre.jar
2023-10-06 10:23:26,095 [Worker-0: Launching mavenrun-15f6c9da-737a-4789-a612-833fc6d8c990] INFO  o.eclipse.m2e.core.internal.Bundles - getClasspathEntries(Bundle=slf4j.api_1.7.36 [924])
2023-10-06 10:23:26,097 [Worker-0: Launching mavenrun-15f6c9da-737a-4789-a612-833fc6d8c990] INFO  o.eclipse.m2e.core.internal.Bundles - 	Entry: C:\Users\pramitad\Downloads\eclipse-jee-2023-03-R-win32-x86_64 (1)\eclipse\plugins\slf4j.api_1.7.36.jar
2023-10-06 10:23:26,097 [Worker-0: Launching mavenrun-15f6c9da-737a-4789-a612-833fc6d8c990] INFO  o.eclipse.m2e.core.internal.Bundles - getClasspathEntries(Bundle=javax.inject_1.0.0.v20220405-0441 [35])
2023-10-06 10:23:26,097 [Worker-0: Launching mavenrun-15f6c9da-737a-4789-a612-833fc6d8c990] INFO  o.eclipse.m2e.core.internal.Bundles - 	Entry: C:\Users\pramitad\Downloads\eclipse-jee-2023-03-R-win32-x86_64 (1)\eclipse\plugins\javax.inject_1.0.0.v20220405-0441.jar
2023-10-06 10:23:26,097 [Worker-0: Launching mavenrun-15f6c9da-737a-4789-a612-833fc6d8c990] INFO  o.eclipse.m2e.core.internal.Bundles - getClasspathEntries(Bundle=javax.annotation_1.3.5.v20221203-1659 [33])
2023-10-06 10:23:26,098 [Worker-0: Launching mavenrun-15f6c9da-737a-4789-a612-833fc6d8c990] INFO  o.eclipse.m2e.core.internal.Bundles - 	Entry: C:\Users\pramitad\Downloads\eclipse-jee-2023-03-R-win32-x86_64 (1)\eclipse\plugins\javax.annotation_1.3.5.v20221203-1659.jar
2023-10-06 10:23:26,098 [Worker-0: Launching mavenrun-15f6c9da-737a-4789-a612-833fc6d8c990] INFO  o.eclipse.m2e.core.internal.Bundles - getClasspathEntries(Bundle=org.apache.commons.cli_1.4.0.v20221112-0806 [67])
2023-10-06 10:23:26,100 [Worker-0: Launching mavenrun-15f6c9da-737a-4789-a612-833fc6d8c990] INFO  o.eclipse.m2e.core.internal.Bundles - 	Entry: C:\Users\pramitad\Downloads\eclipse-jee-2023-03-R-win32-x86_64 (1)\eclipse\plugins\org.apache.commons.cli_1.4.0.v20221112-0806.jar
2023-10-06 10:23:26,100 [Worker-0: Launching mavenrun-15f6c9da-737a-4789-a612-833fc6d8c990] INFO  o.eclipse.m2e.core.internal.Bundles - getClasspathEntries(Bundle=com.google.guava.failureaccess_1.0.1 [13])
2023-10-06 10:23:26,101 [Worker-0: Launching mavenrun-15f6c9da-737a-4789-a612-833fc6d8c990] INFO  o.eclipse.m2e.core.internal.Bundles - 	Entry: C:\Users\pramitad\Downloads\eclipse-jee-2023-03-R-win32-x86_64 (1)\eclipse\plugins\com.google.guava.failureaccess_1.0.1.jar
2023-10-06 10:23:26,105 [Worker-0: Launching mavenrun-15f6c9da-737a-4789-a612-833fc6d8c990] INFO  o.e.m.i.launch.MavenLaunchDelegate - Run build in "C:\Users\pramitad\AppData\Local\Temp\m2e-archetypeGenerator8093047517861121197":
2023-10-06 10:23:26,108 [Worker-0: Launching mavenrun-15f6c9da-737a-4789-a612-833fc6d8c990] INFO  o.e.m.i.launch.MavenLaunchDelegate -  mvn  -DarchetypeGroupId=org.glassfish.jersey.archetypes -DarchetypeArtifactId=jersey-quickstart-webapp -DarchetypeVersion=3.1.3 -DgroupId=infinite -DartifactId=login -Dversion=0.0.1-SNAPSHOT -Dpackage=com.java.login -DoutputDirectory=D:\LoginProject -Dstyle.color=always -U archetype:generate
2023-10-06 10:23:53,796 [Worker-22: Creating jersey-quickstart-webapp] INFO  o.e.m.c.i.p.ProjectConfigurationManager - Collecting project info '/pom.xml' D:\LoginProject\login\pom.xml
2023-10-06 10:23:59,977 [Worker-22: Creating jersey-quickstart-webapp] INFO  o.e.m.c.i.l.LifecycleMappingFactory - Using org.maven.ide.eclipse.wtp.WarLifecycleMapping lifecycle mapping for MavenProject: infinite:login:0.0.1-SNAPSHOT @ D:\LoginProject\login\pom.xml.
2023-10-06 10:24:03,147 [Worker-22: Creating jersey-quickstart-webapp] INFO  o.e.m.j.i.AbstractJavaProjectConfigurator - Adding source folder /login/src/main/java
2023-10-06 10:24:03,148 [Worker-22: Creating jersey-quickstart-webapp] INFO  o.e.m.j.i.AbstractJavaProjectConfigurator - Adding resource folder /login/src/main/resources
2023-10-06 10:24:03,157 [Worker-22: Creating jersey-quickstart-webapp] INFO  o.e.m.j.i.AbstractJavaProjectConfigurator - Adding source folder /login/src/test/java
2023-10-06 10:24:06,234 [Worker-22: Creating jersey-quickstart-webapp] INFO  o.e.m.c.i.embedder.EclipseLogger - Using 'UTF-8' encoding to copy filtered resources.
2023-10-06 10:24:06,242 [Worker-22: Creating jersey-quickstart-webapp] INFO  o.e.m.c.i.embedder.EclipseLogger - Copying 0 resource
2023-10-06 10:24:06,246 [Worker-22: Creating jersey-quickstart-webapp] INFO  o.e.m.c.i.embedder.EclipseLogger - Using 'UTF-8' encoding to copy filtered resources.
2023-10-06 10:24:06,247 [Worker-22: Creating jersey-quickstart-webapp] INFO  o.e.m.c.i.embedder.EclipseLogger - skip non existing resourceDirectory D:\LoginProject\login\src\test\resources
2023-10-06 10:24:07,911 [Worker-22: Creating jersey-quickstart-webapp] INFO  o.e.m.c.i.p.ProjectConfigurationManager - Imported and configured 1 project(s) in 14 sec
2023-10-06 10:24:08,275 [Worker-8: Building] INFO  o.e.m.c.i.embedder.EclipseLogger - Using 'UTF-8' encoding to copy filtered resources.
2023-10-06 10:24:08,278 [Worker-8: Building] INFO  o.e.m.c.i.embedder.EclipseLogger - Copying 0 resource
2023-10-06 10:24:08,281 [Worker-8: Building] INFO  o.e.m.c.i.embedder.EclipseLogger - Using 'UTF-8' encoding to copy filtered resources.
2023-10-06 10:24:08,281 [Worker-8: Building] INFO  o.e.m.c.i.embedder.EclipseLogger - skip non existing resourceDirectory D:\LoginProject\login\src\test\resources
2023-10-06 10:24:35,302 [Worker-6: Building] INFO  o.e.m.c.i.embedder.EclipseLogger - Using 'UTF-8' encoding to copy filtered resources.
2023-10-06 10:24:35,309 [Worker-6: Building] INFO  o.e.m.c.i.embedder.EclipseLogger - Copying 0 resource
2023-10-06 10:24:35,312 [Worker-6: Building] INFO  o.e.m.c.i.embedder.EclipseLogger - Using 'UTF-8' encoding to copy filtered resources.
2023-10-06 10:24:35,312 [Worker-6: Building] INFO  o.e.m.c.i.embedder.EclipseLogger - skip non existing resourceDirectory D:\LoginProject\login\src\test\resources
2023-10-06 10:25:09,681 [Worker-2: Building] INFO  o.e.m.c.i.embedder.EclipseLogger - Using 'UTF-8' encoding to copy filtered resources.
2023-10-06 10:25:09,681 [Worker-2: Building] INFO  o.e.m.c.i.embedder.EclipseLogger - Copying 0 resource
2023-10-06 10:25:09,684 [Worker-2: Building] INFO  o.e.m.c.i.embedder.EclipseLogger - Using 'UTF-8' encoding to copy filtered resources.
2023-10-06 10:25:09,685 [Worker-2: Building] INFO  o.e.m.c.i.embedder.EclipseLogger - skip non existing resourceDirectory D:\LoginProject\login\src\test\resources
2023-10-06 10:25:25,430 [Worker-22: Building] INFO  o.e.m.c.i.embedder.EclipseLogger - Using 'UTF-8' encoding to copy filtered resources.
2023-10-06 10:25:25,431 [Worker-22: Building] INFO  o.e.m.c.i.embedder.EclipseLogger - Copying 0 resource
2023-10-06 10:25:25,433 [Worker-22: Building] INFO  o.e.m.c.i.embedder.EclipseLogger - Using 'UTF-8' encoding to copy filtered resources.
2023-10-06 10:25:25,434 [Worker-22: Building] INFO  o.e.m.c.i.embedder.EclipseLogger - skip non existing resourceDirectory D:\LoginProject\login\src\test\resources
2023-10-06 10:26:14,934 [Worker-0: Building] INFO  o.e.m.c.i.l.LifecycleMappingFactory - Using org.maven.ide.eclipse.wtp.WarLifecycleMapping lifecycle mapping for MavenProject: infinite:login:0.0.1-SNAPSHOT @ D:\LoginProject\login\pom.xml.
2023-10-06 10:26:15,107 [Worker-0: Building] INFO  o.e.m.c.i.embedder.EclipseLogger - Using 'UTF-8' encoding to copy filtered resources.
2023-10-06 10:26:15,108 [Worker-0: Building] INFO  o.e.m.c.i.embedder.EclipseLogger - Copying 0 resource
2023-10-06 10:26:15,111 [Worker-0: Building] INFO  o.e.m.c.i.embedder.EclipseLogger - Using 'UTF-8' encoding to copy filtered resources.
2023-10-06 10:26:15,112 [Worker-0: Building] INFO  o.e.m.c.i.embedder.EclipseLogger - skip non existing resourceDirectory D:\LoginProject\login\src\test\resources
2023-10-06 10:26:15,112 [Worker-0: Building] INFO  o.e.m.w.i.f.ResourceFilteringBuildParticipant - Changed resources require a complete clean of filtered resources of login
2023-10-06 10:26:15,113 [Worker-0: Building] INFO  o.e.m.w.i.f.ResourceFilteringBuildParticipant - Executing resource filtering for login
2023-10-06 10:26:31,036 [main] INFO  org.hibernate.cfg.Environment - Hibernate 3.5.6-Final
2023-10-06 10:26:31,044 [main] INFO  org.hibernate.cfg.Environment - hibernate.properties not found
2023-10-06 10:26:31,047 [main] INFO  org.hibernate.cfg.Environment - Bytecode provider name : javassist
2023-10-06 10:26:31,051 [main] INFO  org.hibernate.cfg.Environment - using JDK 1.4 java.sql.Timestamp handling
2023-10-06 10:27:58,700 [main] INFO  org.hibernate.cfg.Configuration - configuring from XML document
2023-10-06 10:27:58,701 [main] INFO  org.hibernate.cfg.Configuration - Configured SessionFactory: null
2023-10-06 10:27:58,798 [Worker-0: Building] INFO  o.e.m.c.i.embedder.EclipseLogger - Using 'UTF-8' encoding to copy filtered resources.
2023-10-06 10:27:58,800 [Worker-0: Building] INFO  o.e.m.c.i.embedder.EclipseLogger - Copying 1 resource
2023-10-06 10:27:58,810 [Worker-0: Building] INFO  o.e.m.c.i.embedder.EclipseLogger - Using 'UTF-8' encoding to copy filtered resources.
2023-10-06 10:27:58,810 [Worker-0: Building] INFO  o.e.m.c.i.embedder.EclipseLogger - skip non existing resourceDirectory D:\LoginProject\login\src\test\resources
2023-10-06 10:27:59,030 [Worker-3: Building] INFO  o.e.m.c.i.embedder.EclipseLogger - Using 'UTF-8' encoding to copy filtered resources.
2023-10-06 10:27:59,031 [Worker-3: Building] INFO  o.e.m.c.i.embedder.EclipseLogger - Copying 1 resource
2023-10-06 10:27:59,036 [Worker-3: Building] INFO  o.e.m.c.i.embedder.EclipseLogger - Using 'UTF-8' encoding to copy filtered resources.
2023-10-06 10:27:59,036 [Worker-3: Building] INFO  o.e.m.c.i.embedder.EclipseLogger - skip non existing resourceDirectory D:\LoginProject\login\src\test\resources
2023-10-06 10:28:18,509 [Worker-11: Building] INFO  o.e.m.c.i.embedder.EclipseLogger - Using 'UTF-8' encoding to copy filtered resources.
2023-10-06 10:28:18,510 [Worker-11: Building] INFO  o.e.m.c.i.embedder.EclipseLogger - Copying 1 resource
2023-10-06 10:28:18,514 [Worker-11: Building] INFO  o.e.m.c.i.embedder.EclipseLogger - Using 'UTF-8' encoding to copy filtered resources.
2023-10-06 10:28:18,514 [Worker-11: Building] INFO  o.e.m.c.i.embedder.EclipseLogger - skip non existing resourceDirectory D:\LoginProject\login\src\test\resources
2023-10-06 10:29:29,054 [Worker-24: Building] INFO  o.e.m.c.i.embedder.EclipseLogger - Using 'UTF-8' encoding to copy filtered resources.
2023-10-06 10:29:29,054 [Worker-24: Building] INFO  o.e.m.c.i.embedder.EclipseLogger - Copying 1 resource
2023-10-06 10:29:29,056 [Worker-24: Building] INFO  o.e.m.c.i.embedder.EclipseLogger - Using 'UTF-8' encoding to copy filtered resources.
2023-10-06 10:29:29,056 [Worker-24: Building] INFO  o.e.m.c.i.embedder.EclipseLogger - skip non existing resourceDirectory D:\LoginProject\login\src\test\resources
2023-10-06 10:31:26,907 [Worker-15: Building] INFO  o.e.m.c.i.embedder.EclipseLogger - Using 'UTF-8' encoding to copy filtered resources.
2023-10-06 10:31:26,907 [Worker-15: Building] INFO  o.e.m.c.i.embedder.EclipseLogger - Copying 0 resource
2023-10-06 10:31:26,910 [Worker-15: Building] INFO  o.e.m.c.i.embedder.EclipseLogger - Using 'UTF-8' encoding to copy filtered resources.
2023-10-06 10:31:26,910 [Worker-15: Building] INFO  o.e.m.c.i.embedder.EclipseLogger - skip non existing resourceDirectory D:\LoginProject\login\src\test\resources
2023-10-06 10:32:16,906 [Worker-2: Building] INFO  o.e.m.c.i.embedder.EclipseLogger - Using 'UTF-8' encoding to copy filtered resources.
2023-10-06 10:32:16,906 [Worker-2: Building] INFO  o.e.m.c.i.embedder.EclipseLogger - Copying 1 resource
2023-10-06 10:32:16,909 [Worker-2: Building] INFO  o.e.m.c.i.embedder.EclipseLogger - Using 'UTF-8' encoding to copy filtered resources.
2023-10-06 10:32:16,909 [Worker-2: Building] INFO  o.e.m.c.i.embedder.EclipseLogger - skip non existing resourceDirectory D:\LoginProject\login\src\test\resources
2023-10-06 10:34:37,404 [Worker-15: Updating Maven Project] INFO  o.e.m.c.i.p.ProjectConfigurationManager - Update started
2023-10-06 10:34:42,788 [Worker-15: Updating Maven Project] INFO  o.e.m.c.i.l.LifecycleMappingFactory - Using org.maven.ide.eclipse.wtp.WarLifecycleMapping lifecycle mapping for MavenProject: infinite:login:0.0.1-SNAPSHOT @ D:\LoginProject\login\pom.xml.
2023-10-06 10:34:46,034 [Worker-15: Updating Maven Project] INFO  o.e.m.j.i.AbstractJavaProjectConfigurator - Adding source folder /login/src/main/java
2023-10-06 10:34:46,034 [Worker-15: Updating Maven Project] INFO  o.e.m.j.i.AbstractJavaProjectConfigurator - Adding resource folder /login/src/main/resources
2023-10-06 10:34:46,034 [Worker-15: Updating Maven Project] INFO  o.e.m.j.i.AbstractJavaProjectConfigurator - Adding source folder /login/src/test/java
2023-10-06 10:34:46,896 [Worker-15: Updating Maven Project] INFO  o.e.m.c.i.embedder.EclipseLogger - Using 'UTF-8' encoding to copy filtered resources.
2023-10-06 10:34:46,900 [Worker-15: Updating Maven Project] INFO  o.e.m.c.i.embedder.EclipseLogger - Copying 1 resource
2023-10-06 10:34:46,917 [Worker-15: Updating Maven Project] INFO  o.e.m.c.i.embedder.EclipseLogger - Using 'UTF-8' encoding to copy filtered resources.
2023-10-06 10:34:46,917 [Worker-15: Updating Maven Project] INFO  o.e.m.c.i.embedder.EclipseLogger - skip non existing resourceDirectory D:\LoginProject\login\src\test\resources
2023-10-06 10:34:46,918 [Worker-15: Updating Maven Project] INFO  o.e.m.w.i.f.ResourceFilteringBuildParticipant - Changed resources require a complete clean of filtered resources of login
2023-10-06 10:34:46,918 [Worker-15: Updating Maven Project] INFO  o.e.m.w.i.f.ResourceFilteringBuildParticipant - Executing resource filtering for login
2023-10-06 10:34:48,031 [Worker-15: Updating Maven Project] INFO  o.e.m.w.i.f.ResourceFilteringBuildParticipant - Cleaning filtered folder for login
2023-10-06 10:34:48,083 [Worker-15: Updating Maven Project] INFO  o.e.m.c.i.p.ProjectConfigurationManager - Update completed for 1 poms: local refresh takes 0.00 sec, refresh facades takes 7.00 sec, update config takes 3.00 sec 
2023-10-06 10:34:49,608 [Worker-2: Building] INFO  o.e.m.c.i.embedder.EclipseLogger - Using 'UTF-8' encoding to copy filtered resources.
2023-10-06 10:34:49,608 [Worker-2: Building] INFO  o.e.m.c.i.embedder.EclipseLogger - Copying 1 resource
2023-10-06 10:34:49,611 [Worker-2: Building] INFO  o.e.m.c.i.embedder.EclipseLogger - Using 'UTF-8' encoding to copy filtered resources.
2023-10-06 10:34:49,612 [Worker-2: Building] INFO  o.e.m.c.i.embedder.EclipseLogger - skip non existing resourceDirectory D:\LoginProject\login\src\test\resources
2023-10-06 10:34:49,612 [Worker-2: Building] INFO  o.e.m.w.i.f.ResourceFilteringBuildParticipant - Changed resources require a complete clean of filtered resources of login
2023-10-06 10:34:49,612 [Worker-2: Building] INFO  o.e.m.w.i.f.ResourceFilteringBuildParticipant - Executing resource filtering for login
2023-10-06 10:35:26,449 [Worker-24: Building] INFO  o.e.m.c.i.l.LifecycleMappingFactory - Using org.maven.ide.eclipse.wtp.WarLifecycleMapping lifecycle mapping for MavenProject: infinite:login:0.0.1-SNAPSHOT @ D:\LoginProject\login\pom.xml.
2023-10-06 10:35:26,874 [Worker-24: Building] INFO  o.e.m.c.i.embedder.EclipseLogger - Using 'UTF-8' encoding to copy filtered resources.
2023-10-06 10:35:26,875 [Worker-24: Building] INFO  o.e.m.c.i.embedder.EclipseLogger - Copying 0 resource
2023-10-06 10:35:26,877 [Worker-24: Building] INFO  o.e.m.c.i.embedder.EclipseLogger - Using 'UTF-8' encoding to copy filtered resources.
2023-10-06 10:35:26,877 [Worker-24: Building] INFO  o.e.m.c.i.embedder.EclipseLogger - skip non existing resourceDirectory D:\LoginProject\login\src\test\resources
2023-10-06 10:35:26,877 [Worker-24: Building] INFO  o.e.m.w.i.f.ResourceFilteringBuildParticipant - Changed resources require a complete clean of filtered resources of login
2023-10-06 10:35:26,877 [Worker-24: Building] INFO  o.e.m.w.i.f.ResourceFilteringBuildParticipant - Executing resource filtering for login
2023-10-06 10:39:29,567 [Worker-26: Building] INFO  o.e.m.c.i.embedder.EclipseLogger - Using 'UTF-8' encoding to copy filtered resources.
2023-10-06 10:39:29,567 [Worker-26: Building] INFO  o.e.m.c.i.embedder.EclipseLogger - Copying 1 resource
2023-10-06 10:39:29,571 [Worker-26: Building] INFO  o.e.m.c.i.embedder.EclipseLogger - Using 'UTF-8' encoding to copy filtered resources.
2023-10-06 10:39:29,572 [Worker-26: Building] INFO  o.e.m.c.i.embedder.EclipseLogger - skip non existing resourceDirectory D:\LoginProject\login\src\test\resources
2023-10-06 10:39:44,355 [Worker-28: Building] INFO  o.e.m.c.i.embedder.EclipseLogger - Using 'UTF-8' encoding to copy filtered resources.
2023-10-06 10:39:44,356 [Worker-28: Building] INFO  o.e.m.c.i.embedder.EclipseLogger - Copying 1 resource
2023-10-06 10:39:44,357 [Worker-28: Building] INFO  o.e.m.c.i.embedder.EclipseLogger - Using 'UTF-8' encoding to copy filtered resources.
2023-10-06 10:39:44,358 [Worker-28: Building] INFO  o.e.m.c.i.embedder.EclipseLogger - skip non existing resourceDirectory D:\LoginProject\login\src\test\resources
2023-10-06 10:40:23,347 [Worker-26: Building] INFO  o.e.m.c.i.embedder.EclipseLogger - Using 'UTF-8' encoding to copy filtered resources.
2023-10-06 10:40:23,347 [Worker-26: Building] INFO  o.e.m.c.i.embedder.EclipseLogger - Copying 1 resource
2023-10-06 10:40:23,349 [Worker-26: Building] INFO  o.e.m.c.i.embedder.EclipseLogger - Using 'UTF-8' encoding to copy filtered resources.
2023-10-06 10:40:23,349 [Worker-26: Building] INFO  o.e.m.c.i.embedder.EclipseLogger - skip non existing resourceDirectory D:\LoginProject\login\src\test\resources
2023-10-06 10:50:42,676 [Worker-29: Building] INFO  o.e.m.c.i.embedder.EclipseLogger - Using 'UTF-8' encoding to copy filtered resources.
2023-10-06 10:50:42,676 [Worker-29: Building] INFO  o.e.m.c.i.embedder.EclipseLogger - Copying 1 resource
2023-10-06 10:50:42,678 [Worker-29: Building] INFO  o.e.m.c.i.embedder.EclipseLogger - Using 'UTF-8' encoding to copy filtered resources.
2023-10-06 10:50:42,678 [Worker-29: Building] INFO  o.e.m.c.i.embedder.EclipseLogger - skip non existing resourceDirectory D:\LoginProject\login\src\test\resources
2023-10-06 10:53:08,323 [Worker-30: Fetching children of login (1)] INFO  org.hibernate.cfg.Environment - Hibernate 3.6.10.Final
2023-10-06 10:53:08,333 [Worker-30: Fetching children of login (1)] INFO  org.hibernate.cfg.Environment - hibernate.properties not found
2023-10-06 10:53:08,337 [Worker-30: Fetching children of login (1)] INFO  org.hibernate.cfg.Environment - Bytecode provider name : javassist
2023-10-06 10:53:08,338 [Worker-30: Fetching children of login (1)] INFO  org.hibernate.cfg.Environment - using JDK 1.4 java.sql.Timestamp handling
2023-10-06 10:53:08,402 [Worker-30: Fetching children of login (1)] INFO  org.hibernate.cfg.Configuration - configuring from file: hibernate.cfg.xml
2023-10-06 10:53:08,406 [Worker-30: Fetching children of login (1)] INFO  org.hibernate.cfg.Configuration - Configured SessionFactory: null
2023-10-06 10:55:18,395 [Worker-35: Building] INFO  o.e.m.c.i.l.LifecycleMappingFactory - Using org.maven.ide.eclipse.wtp.WarLifecycleMapping lifecycle mapping for MavenProject: infinite:login:0.0.1-SNAPSHOT @ D:\LoginProject\login\pom.xml.
2023-10-06 10:55:18,446 [Worker-35: Building] WARN  o.e.m.c.i.embedder.EclipseLogger - The artifact mysql:mysql-connector-java:jar:8.0.31 has been relocated to com.mysql:mysql-connector-j:jar:8.0.31: MySQL Connector/J artifacts moved to reverse-DNS compliant Maven 2+ coordinates.
2023-10-06 10:55:19,629 [Worker-35: Building] INFO  o.e.m.c.i.embedder.EclipseLogger - Using 'UTF-8' encoding to copy filtered resources.
2023-10-06 10:55:19,630 [Worker-35: Building] INFO  o.e.m.c.i.embedder.EclipseLogger - Copying 0 resource
2023-10-06 10:55:19,632 [Worker-35: Building] INFO  o.e.m.c.i.embedder.EclipseLogger - Using 'UTF-8' encoding to copy filtered resources.
2023-10-06 10:55:19,632 [Worker-35: Building] INFO  o.e.m.c.i.embedder.EclipseLogger - skip non existing resourceDirectory D:\LoginProject\login\src\test\resources
2023-10-06 10:55:19,632 [Worker-35: Building] INFO  o.e.m.w.i.f.ResourceFilteringBuildParticipant - Changed resources require a complete clean of filtered resources of login
2023-10-06 10:55:19,632 [Worker-35: Building] INFO  o.e.m.w.i.f.ResourceFilteringBuildParticipant - Executing resource filtering for login
2023-10-06 10:55:21,191 [Worker-35: Building] WARN  o.e.m.c.i.embedder.EclipseLogger - The artifact mysql:mysql-connector-java:jar:8.0.31 has been relocated to com.mysql:mysql-connector-j:jar:8.0.31: MySQL Connector/J artifacts moved to reverse-DNS compliant Maven 2+ coordinates.
2023-10-06 10:55:50,457 [Worker-36: Building] INFO  o.e.m.c.i.embedder.EclipseLogger - Using 'UTF-8' encoding to copy filtered resources.
2023-10-06 10:55:50,458 [Worker-36: Building] INFO  o.e.m.c.i.embedder.EclipseLogger - Copying 1 resource
2023-10-06 10:55:50,464 [Worker-36: Building] INFO  o.e.m.c.i.embedder.EclipseLogger - Using 'UTF-8' encoding to copy filtered resources.
2023-10-06 10:55:50,464 [Worker-36: Building] INFO  o.e.m.c.i.embedder.EclipseLogger - skip non existing resourceDirectory D:\LoginProject\login\src\test\resources
2023-10-06 10:56:56,385 [Worker-39: Building] INFO  o.e.m.c.i.embedder.EclipseLogger - Using 'UTF-8' encoding to copy filtered resources.
2023-10-06 10:56:56,386 [Worker-39: Building] INFO  o.e.m.c.i.embedder.EclipseLogger - Copying 0 resource
2023-10-06 10:56:56,388 [Worker-39: Building] INFO  o.e.m.c.i.embedder.EclipseLogger - Using 'UTF-8' encoding to copy filtered resources.
2023-10-06 10:56:56,388 [Worker-39: Building] INFO  o.e.m.c.i.embedder.EclipseLogger - skip non existing resourceDirectory D:\LoginProject\login\src\test\resources
2023-10-06 10:57:08,350 [Worker-38: Building] INFO  o.e.m.c.i.embedder.EclipseLogger - Using 'UTF-8' encoding to copy filtered resources.
2023-10-06 10:57:08,350 [Worker-38: Building] INFO  o.e.m.c.i.embedder.EclipseLogger - Copying 0 resource
2023-10-06 10:57:08,352 [Worker-38: Building] INFO  o.e.m.c.i.embedder.EclipseLogger - Using 'UTF-8' encoding to copy filtered resources.
2023-10-06 10:57:08,352 [Worker-38: Building] INFO  o.e.m.c.i.embedder.EclipseLogger - skip non existing resourceDirectory D:\LoginProject\login\src\test\resources
2023-10-06 10:57:40,981 [Worker-39: Building] INFO  o.e.m.c.i.embedder.EclipseLogger - Using 'UTF-8' encoding to copy filtered resources.
2023-10-06 10:57:40,981 [Worker-39: Building] INFO  o.e.m.c.i.embedder.EclipseLogger - Copying 0 resource
2023-10-06 10:57:40,983 [Worker-39: Building] INFO  o.e.m.c.i.embedder.EclipseLogger - Using 'UTF-8' encoding to copy filtered resources.
2023-10-06 10:57:40,983 [Worker-39: Building] INFO  o.e.m.c.i.embedder.EclipseLogger - skip non existing resourceDirectory D:\LoginProject\login\src\test\resources
2023-10-06 10:58:47,851 [Worker-35: Building] INFO  o.e.m.c.i.embedder.EclipseLogger - Using 'UTF-8' encoding to copy filtered resources.
2023-10-06 10:58:47,851 [Worker-35: Building] INFO  o.e.m.c.i.embedder.EclipseLogger - Copying 1 resource
2023-10-06 10:58:47,853 [Worker-35: Building] INFO  o.e.m.c.i.embedder.EclipseLogger - Using 'UTF-8' encoding to copy filtered resources.
2023-10-06 10:58:47,853 [Worker-35: Building] INFO  o.e.m.c.i.embedder.EclipseLogger - skip non existing resourceDirectory D:\LoginProject\login\src\test\resources
2023-10-06 10:59:20,609 [Worker-38: Building] INFO  o.e.m.c.i.embedder.EclipseLogger - Using 'UTF-8' encoding to copy filtered resources.
2023-10-06 10:59:20,609 [Worker-38: Building] INFO  o.e.m.c.i.embedder.EclipseLogger - Copying 1 resource
2023-10-06 10:59:20,611 [Worker-38: Building] INFO  o.e.m.c.i.embedder.EclipseLogger - Using 'UTF-8' encoding to copy filtered resources.
2023-10-06 10:59:20,612 [Worker-38: Building] INFO  o.e.m.c.i.embedder.EclipseLogger - skip non existing resourceDirectory D:\LoginProject\login\src\test\resources
2023-10-06 10:59:23,626 [Worker-35: Building] INFO  o.e.m.c.i.embedder.EclipseLogger - Using 'UTF-8' encoding to copy filtered resources.
2023-10-06 10:59:23,626 [Worker-35: Building] INFO  o.e.m.c.i.embedder.EclipseLogger - Copying 0 resource
2023-10-06 10:59:23,628 [Worker-35: Building] INFO  o.e.m.c.i.embedder.EclipseLogger - Using 'UTF-8' encoding to copy filtered resources.
2023-10-06 10:59:23,628 [Worker-35: Building] INFO  o.e.m.c.i.embedder.EclipseLogger - skip non existing resourceDirectory D:\LoginProject\login\src\test\resources
2023-10-06 10:59:28,913 [Worker-37: Building] INFO  o.e.m.c.i.embedder.EclipseLogger - Using 'UTF-8' encoding to copy filtered resources.
2023-10-06 10:59:28,914 [Worker-37: Building] INFO  o.e.m.c.i.embedder.EclipseLogger - Copying 1 resource
2023-10-06 10:59:28,916 [Worker-37: Building] INFO  o.e.m.c.i.embedder.EclipseLogger - Using 'UTF-8' encoding to copy filtered resources.
2023-10-06 10:59:28,917 [Worker-37: Building] INFO  o.e.m.c.i.embedder.EclipseLogger - skip non existing resourceDirectory D:\LoginProject\login\src\test\resources
2023-10-06 10:59:56,171 [Worker-38: Building] INFO  o.e.m.c.i.embedder.EclipseLogger - Using 'UTF-8' encoding to copy filtered resources.
2023-10-06 10:59:56,171 [Worker-38: Building] INFO  o.e.m.c.i.embedder.EclipseLogger - Copying 0 resource
2023-10-06 10:59:56,172 [Worker-38: Building] INFO  o.e.m.c.i.embedder.EclipseLogger - Using 'UTF-8' encoding to copy filtered resources.
2023-10-06 10:59:56,172 [Worker-38: Building] INFO  o.e.m.c.i.embedder.EclipseLogger - skip non existing resourceDirectory D:\LoginProject\login\src\test\resources
2023-10-06 11:00:03,132 [Worker-40: Building] INFO  o.e.m.c.i.embedder.EclipseLogger - Using 'UTF-8' encoding to copy filtered resources.
2023-10-06 11:00:03,132 [Worker-40: Building] INFO  o.e.m.c.i.embedder.EclipseLogger - Copying 0 resource
2023-10-06 11:00:03,133 [Worker-40: Building] INFO  o.e.m.c.i.embedder.EclipseLogger - Using 'UTF-8' encoding to copy filtered resources.
2023-10-06 11:00:03,133 [Worker-40: Building] INFO  o.e.m.c.i.embedder.EclipseLogger - skip non existing resourceDirectory D:\LoginProject\login\src\test\resources
2023-10-06 11:32:46,721 [Worker-44: Building] INFO  o.e.m.c.i.embedder.EclipseLogger - Using 'UTF-8' encoding to copy filtered resources.
2023-10-06 11:32:46,721 [Worker-44: Building] INFO  o.e.m.c.i.embedder.EclipseLogger - Copying 1 resource
2023-10-06 11:32:46,724 [Worker-44: Building] INFO  o.e.m.c.i.embedder.EclipseLogger - Using 'UTF-8' encoding to copy filtered resources.
2023-10-06 11:32:46,725 [Worker-44: Building] INFO  o.e.m.c.i.embedder.EclipseLogger - skip non existing resourceDirectory D:\LoginProject\login\src\test\resources
2023-10-06 11:33:56,501 [Worker-47: Building] INFO  o.e.m.c.i.embedder.EclipseLogger - Using 'UTF-8' encoding to copy filtered resources.
2023-10-06 11:33:56,502 [Worker-47: Building] INFO  o.e.m.c.i.embedder.EclipseLogger - Copying 1 resource
2023-10-06 11:33:56,504 [Worker-47: Building] INFO  o.e.m.c.i.embedder.EclipseLogger - Using 'UTF-8' encoding to copy filtered resources.
2023-10-06 11:33:56,504 [Worker-47: Building] INFO  o.e.m.c.i.embedder.EclipseLogger - skip non existing resourceDirectory D:\LoginProject\login\src\test\resources
