2023-10-05 10:11:33,044 [Worker-5: Loading available Gradle versions] INFO  o.e.b.c.i.u.g.PublishedGradleVersions - Gradle version information cache is out-of-date. Trying to update.
2023-10-05 10:13:18,969 [Worker-16: Launching mavenrun-de9c95a0-e263-4859-8955-58e9dfaf2338] INFO  o.eclipse.m2e.core.internal.Bundles - getClasspathEntries(Bundle=org.eclipse.m2e.maven.runtime_3.8.701.20230209-1606 [610])
2023-10-05 10:13:19,000 [Worker-16: Launching mavenrun-de9c95a0-e263-4859-8955-58e9dfaf2338] INFO  o.eclipse.m2e.core.internal.Bundles - 	Entry: C:\Users\pramitad\Downloads\eclipse-jee-2023-03-R-win32-x86_64 (1)\eclipse\plugins\org.eclipse.m2e.maven.runtime_3.8.701.20230209-1606
2023-10-05 10:13:19,000 [Worker-16: Launching mavenrun-de9c95a0-e263-4859-8955-58e9dfaf2338] INFO  o.eclipse.m2e.core.internal.Bundles - 	Entry: C:\Users\pramitad\Downloads\eclipse-jee-2023-03-R-win32-x86_64 (1)\eclipse\plugins\org.eclipse.m2e.maven.runtime_3.8.701.20230209-1606\jars\aether-connector-okhttp-0.17.8.jar
2023-10-05 10:13:19,001 [Worker-16: Launching mavenrun-de9c95a0-e263-4859-8955-58e9dfaf2338] INFO  o.eclipse.m2e.core.internal.Bundles - 	Entry: C:\Users\pramitad\Downloads\eclipse-jee-2023-03-R-win32-x86_64 (1)\eclipse\plugins\org.eclipse.m2e.maven.runtime_3.8.701.20230209-1606\jars\commons-lang3-3.8.1.jar
2023-10-05 10:13:19,001 [Worker-16: Launching mavenrun-de9c95a0-e263-4859-8955-58e9dfaf2338] INFO  o.eclipse.m2e.core.internal.Bundles - 	Entry: C:\Users\pramitad\Downloads\eclipse-jee-2023-03-R-win32-x86_64 (1)\eclipse\plugins\org.eclipse.m2e.maven.runtime_3.8.701.20230209-1606\jars\guice-4.2.2-no_aop.jar
2023-10-05 10:13:19,001 [Worker-16: Launching mavenrun-de9c95a0-e263-4859-8955-58e9dfaf2338] INFO  o.eclipse.m2e.core.internal.Bundles - 	Entry: C:\Users\pramitad\Downloads\eclipse-jee-2023-03-R-win32-x86_64 (1)\eclipse\plugins\org.eclipse.m2e.maven.runtime_3.8.701.20230209-1606\jars\jansi-2.4.0.jar
2023-10-05 10:13:19,001 [Worker-16: Launching mavenrun-de9c95a0-e263-4859-8955-58e9dfaf2338] INFO  o.eclipse.m2e.core.internal.Bundles - 	Entry: C:\Users\pramitad\Downloads\eclipse-jee-2023-03-R-win32-x86_64 (1)\eclipse\plugins\org.eclipse.m2e.maven.runtime_3.8.701.20230209-1606\jars\maven-artifact-3.8.7.jar
2023-10-05 10:13:19,001 [Worker-16: Launching mavenrun-de9c95a0-e263-4859-8955-58e9dfaf2338] INFO  o.eclipse.m2e.core.internal.Bundles - 	Entry: C:\Users\pramitad\Downloads\eclipse-jee-2023-03-R-win32-x86_64 (1)\eclipse\plugins\org.eclipse.m2e.maven.runtime_3.8.701.20230209-1606\jars\maven-builder-support-3.8.7.jar
2023-10-05 10:13:19,002 [Worker-16: Launching mavenrun-de9c95a0-e263-4859-8955-58e9dfaf2338] INFO  o.eclipse.m2e.core.internal.Bundles - 	Entry: C:\Users\pramitad\Downloads\eclipse-jee-2023-03-R-win32-x86_64 (1)\eclipse\plugins\org.eclipse.m2e.maven.runtime_3.8.701.20230209-1606\jars\maven-compat-3.8.7.jar
2023-10-05 10:13:19,002 [Worker-16: Launching mavenrun-de9c95a0-e263-4859-8955-58e9dfaf2338] INFO  o.eclipse.m2e.core.internal.Bundles - 	Entry: C:\Users\pramitad\Downloads\eclipse-jee-2023-03-R-win32-x86_64 (1)\eclipse\plugins\org.eclipse.m2e.maven.runtime_3.8.701.20230209-1606\jars\maven-core-3.8.7.jar
2023-10-05 10:13:19,003 [Worker-16: Launching mavenrun-de9c95a0-e263-4859-8955-58e9dfaf2338] INFO  o.eclipse.m2e.core.internal.Bundles - 	Entry: C:\Users\pramitad\Downloads\eclipse-jee-2023-03-R-win32-x86_64 (1)\eclipse\plugins\org.eclipse.m2e.maven.runtime_3.8.701.20230209-1606\jars\maven-embedder-3.8.7.jar
2023-10-05 10:13:19,003 [Worker-16: Launching mavenrun-de9c95a0-e263-4859-8955-58e9dfaf2338] INFO  o.eclipse.m2e.core.internal.Bundles - 	Entry: C:\Users\pramitad\Downloads\eclipse-jee-2023-03-R-win32-x86_64 (1)\eclipse\plugins\org.eclipse.m2e.maven.runtime_3.8.701.20230209-1606\jars\maven-model-3.8.7.jar
2023-10-05 10:13:19,003 [Worker-16: Launching mavenrun-de9c95a0-e263-4859-8955-58e9dfaf2338] INFO  o.eclipse.m2e.core.internal.Bundles - 	Entry: C:\Users\pramitad\Downloads\eclipse-jee-2023-03-R-win32-x86_64 (1)\eclipse\plugins\org.eclipse.m2e.maven.runtime_3.8.701.20230209-1606\jars\maven-model-builder-3.8.7.jar
2023-10-05 10:13:19,003 [Worker-16: Launching mavenrun-de9c95a0-e263-4859-8955-58e9dfaf2338] INFO  o.eclipse.m2e.core.internal.Bundles - 	Entry: C:\Users\pramitad\Downloads\eclipse-jee-2023-03-R-win32-x86_64 (1)\eclipse\plugins\org.eclipse.m2e.maven.runtime_3.8.701.20230209-1606\jars\maven-plugin-api-3.8.7.jar
2023-10-05 10:13:19,003 [Worker-16: Launching mavenrun-de9c95a0-e263-4859-8955-58e9dfaf2338] INFO  o.eclipse.m2e.core.internal.Bundles - 	Entry: C:\Users\pramitad\Downloads\eclipse-jee-2023-03-R-win32-x86_64 (1)\eclipse\plugins\org.eclipse.m2e.maven.runtime_3.8.701.20230209-1606\jars\maven-repository-metadata-3.8.7.jar
2023-10-05 10:13:19,004 [Worker-16: Launching mavenrun-de9c95a0-e263-4859-8955-58e9dfaf2338] INFO  o.eclipse.m2e.core.internal.Bundles - 	Entry: C:\Users\pramitad\Downloads\eclipse-jee-2023-03-R-win32-x86_64 (1)\eclipse\plugins\org.eclipse.m2e.maven.runtime_3.8.701.20230209-1606\jars\maven-resolver-api-1.6.3.jar
2023-10-05 10:13:19,004 [Worker-16: Launching mavenrun-de9c95a0-e263-4859-8955-58e9dfaf2338] INFO  o.eclipse.m2e.core.internal.Bundles - 	Entry: C:\Users\pramitad\Downloads\eclipse-jee-2023-03-R-win32-x86_64 (1)\eclipse\plugins\org.eclipse.m2e.maven.runtime_3.8.701.20230209-1606\jars\maven-resolver-connector-basic-1.6.3.jar
2023-10-05 10:13:19,005 [Worker-16: Launching mavenrun-de9c95a0-e263-4859-8955-58e9dfaf2338] INFO  o.eclipse.m2e.core.internal.Bundles - 	Entry: C:\Users\pramitad\Downloads\eclipse-jee-2023-03-R-win32-x86_64 (1)\eclipse\plugins\org.eclipse.m2e.maven.runtime_3.8.701.20230209-1606\jars\maven-resolver-impl-1.6.3.jar
2023-10-05 10:13:19,005 [Worker-16: Launching mavenrun-de9c95a0-e263-4859-8955-58e9dfaf2338] INFO  o.eclipse.m2e.core.internal.Bundles - 	Entry: C:\Users\pramitad\Downloads\eclipse-jee-2023-03-R-win32-x86_64 (1)\eclipse\plugins\org.eclipse.m2e.maven.runtime_3.8.701.20230209-1606\jars\maven-resolver-provider-3.8.7.jar
2023-10-05 10:13:19,005 [Worker-16: Launching mavenrun-de9c95a0-e263-4859-8955-58e9dfaf2338] INFO  o.eclipse.m2e.core.internal.Bundles - 	Entry: C:\Users\pramitad\Downloads\eclipse-jee-2023-03-R-win32-x86_64 (1)\eclipse\plugins\org.eclipse.m2e.maven.runtime_3.8.701.20230209-1606\jars\maven-resolver-spi-1.6.3.jar
2023-10-05 10:13:19,005 [Worker-16: Launching mavenrun-de9c95a0-e263-4859-8955-58e9dfaf2338] INFO  o.eclipse.m2e.core.internal.Bundles - 	Entry: C:\Users\pramitad\Downloads\eclipse-jee-2023-03-R-win32-x86_64 (1)\eclipse\plugins\org.eclipse.m2e.maven.runtime_3.8.701.20230209-1606\jars\maven-resolver-transport-wagon-1.6.3.jar
2023-10-05 10:13:19,006 [Worker-16: Launching mavenrun-de9c95a0-e263-4859-8955-58e9dfaf2338] INFO  o.eclipse.m2e.core.internal.Bundles - 	Entry: C:\Users\pramitad\Downloads\eclipse-jee-2023-03-R-win32-x86_64 (1)\eclipse\plugins\org.eclipse.m2e.maven.runtime_3.8.701.20230209-1606\jars\maven-resolver-util-1.6.3.jar
2023-10-05 10:13:19,006 [Worker-16: Launching mavenrun-de9c95a0-e263-4859-8955-58e9dfaf2338] INFO  o.eclipse.m2e.core.internal.Bundles - 	Entry: C:\Users\pramitad\Downloads\eclipse-jee-2023-03-R-win32-x86_64 (1)\eclipse\plugins\org.eclipse.m2e.maven.runtime_3.8.701.20230209-1606\jars\maven-settings-3.8.7.jar
2023-10-05 10:13:19,006 [Worker-16: Launching mavenrun-de9c95a0-e263-4859-8955-58e9dfaf2338] INFO  o.eclipse.m2e.core.internal.Bundles - 	Entry: C:\Users\pramitad\Downloads\eclipse-jee-2023-03-R-win32-x86_64 (1)\eclipse\plugins\org.eclipse.m2e.maven.runtime_3.8.701.20230209-1606\jars\maven-settings-builder-3.8.7.jar
2023-10-05 10:13:19,006 [Worker-16: Launching mavenrun-de9c95a0-e263-4859-8955-58e9dfaf2338] INFO  o.eclipse.m2e.core.internal.Bundles - 	Entry: C:\Users\pramitad\Downloads\eclipse-jee-2023-03-R-win32-x86_64 (1)\eclipse\plugins\org.eclipse.m2e.maven.runtime_3.8.701.20230209-1606\jars\maven-shared-utils-3.3.4.jar
2023-10-05 10:13:19,007 [Worker-16: Launching mavenrun-de9c95a0-e263-4859-8955-58e9dfaf2338] INFO  o.eclipse.m2e.core.internal.Bundles - 	Entry: C:\Users\pramitad\Downloads\eclipse-jee-2023-03-R-win32-x86_64 (1)\eclipse\plugins\org.eclipse.m2e.maven.runtime_3.8.701.20230209-1606\jars\okhttp-3.14.1.jar
2023-10-05 10:13:19,007 [Worker-16: Launching mavenrun-de9c95a0-e263-4859-8955-58e9dfaf2338] INFO  o.eclipse.m2e.core.internal.Bundles - 	Entry: C:\Users\pramitad\Downloads\eclipse-jee-2023-03-R-win32-x86_64 (1)\eclipse\plugins\org.eclipse.m2e.maven.runtime_3.8.701.20230209-1606\jars\okio-1.17.3.jar
2023-10-05 10:13:19,007 [Worker-16: Launching mavenrun-de9c95a0-e263-4859-8955-58e9dfaf2338] INFO  o.eclipse.m2e.core.internal.Bundles - 	Entry: C:\Users\pramitad\Downloads\eclipse-jee-2023-03-R-win32-x86_64 (1)\eclipse\plugins\org.eclipse.m2e.maven.runtime_3.8.701.20230209-1606\jars\org.eclipse.sisu.inject-0.3.5.jar
2023-10-05 10:13:19,007 [Worker-16: Launching mavenrun-de9c95a0-e263-4859-8955-58e9dfaf2338] INFO  o.eclipse.m2e.core.internal.Bundles - 	Entry: C:\Users\pramitad\Downloads\eclipse-jee-2023-03-R-win32-x86_64 (1)\eclipse\plugins\org.eclipse.m2e.maven.runtime_3.8.701.20230209-1606\jars\org.eclipse.sisu.plexus-0.3.5.jar
2023-10-05 10:13:19,008 [Worker-16: Launching mavenrun-de9c95a0-e263-4859-8955-58e9dfaf2338] INFO  o.eclipse.m2e.core.internal.Bundles - 	Entry: C:\Users\pramitad\Downloads\eclipse-jee-2023-03-R-win32-x86_64 (1)\eclipse\plugins\org.eclipse.m2e.maven.runtime_3.8.701.20230209-1606\jars\plexus-build-api-0.0.7.jar
2023-10-05 10:13:19,008 [Worker-16: Launching mavenrun-de9c95a0-e263-4859-8955-58e9dfaf2338] INFO  o.eclipse.m2e.core.internal.Bundles - 	Entry: C:\Users\pramitad\Downloads\eclipse-jee-2023-03-R-win32-x86_64 (1)\eclipse\plugins\org.eclipse.m2e.maven.runtime_3.8.701.20230209-1606\jars\plexus-cipher-2.0.jar
2023-10-05 10:13:19,009 [Worker-16: Launching mavenrun-de9c95a0-e263-4859-8955-58e9dfaf2338] INFO  o.eclipse.m2e.core.internal.Bundles - 	Entry: C:\Users\pramitad\Downloads\eclipse-jee-2023-03-R-win32-x86_64 (1)\eclipse\plugins\org.eclipse.m2e.maven.runtime_3.8.701.20230209-1606\jars\plexus-classworlds-2.6.0.jar
2023-10-05 10:13:19,009 [Worker-16: Launching mavenrun-de9c95a0-e263-4859-8955-58e9dfaf2338] INFO  o.eclipse.m2e.core.internal.Bundles - 	Entry: C:\Users\pramitad\Downloads\eclipse-jee-2023-03-R-win32-x86_64 (1)\eclipse\plugins\org.eclipse.m2e.maven.runtime_3.8.701.20230209-1606\jars\plexus-component-annotations-2.1.0.jar
2023-10-05 10:13:19,009 [Worker-16: Launching mavenrun-de9c95a0-e263-4859-8955-58e9dfaf2338] INFO  o.eclipse.m2e.core.internal.Bundles - 	Entry: C:\Users\pramitad\Downloads\eclipse-jee-2023-03-R-win32-x86_64 (1)\eclipse\plugins\org.eclipse.m2e.maven.runtime_3.8.701.20230209-1606\jars\plexus-interpolation-1.26.jar
2023-10-05 10:13:19,009 [Worker-16: Launching mavenrun-de9c95a0-e263-4859-8955-58e9dfaf2338] INFO  o.eclipse.m2e.core.internal.Bundles - 	Entry: C:\Users\pramitad\Downloads\eclipse-jee-2023-03-R-win32-x86_64 (1)\eclipse\plugins\org.eclipse.m2e.maven.runtime_3.8.701.20230209-1606\jars\plexus-sec-dispatcher-2.0.jar
2023-10-05 10:13:19,009 [Worker-16: Launching mavenrun-de9c95a0-e263-4859-8955-58e9dfaf2338] INFO  o.eclipse.m2e.core.internal.Bundles - 	Entry: C:\Users\pramitad\Downloads\eclipse-jee-2023-03-R-win32-x86_64 (1)\eclipse\plugins\org.eclipse.m2e.maven.runtime_3.8.701.20230209-1606\jars\plexus-utils-3.3.1.jar
2023-10-05 10:13:19,010 [Worker-16: Launching mavenrun-de9c95a0-e263-4859-8955-58e9dfaf2338] INFO  o.eclipse.m2e.core.internal.Bundles - 	Entry: C:\Users\pramitad\Downloads\eclipse-jee-2023-03-R-win32-x86_64 (1)\eclipse\plugins\org.eclipse.m2e.maven.runtime_3.8.701.20230209-1606\jars\wagon-file-3.5.3.jar
2023-10-05 10:13:19,010 [Worker-16: Launching mavenrun-de9c95a0-e263-4859-8955-58e9dfaf2338] INFO  o.eclipse.m2e.core.internal.Bundles - 	Entry: C:\Users\pramitad\Downloads\eclipse-jee-2023-03-R-win32-x86_64 (1)\eclipse\plugins\org.eclipse.m2e.maven.runtime_3.8.701.20230209-1606\jars\wagon-provider-api-3.5.3.jar
2023-10-05 10:13:19,013 [Worker-16: Launching mavenrun-de9c95a0-e263-4859-8955-58e9dfaf2338] INFO  o.eclipse.m2e.core.internal.Bundles - getClasspathEntries(Bundle=com.google.guava_31.1.0.jre [11])
2023-10-05 10:13:19,014 [Worker-16: Launching mavenrun-de9c95a0-e263-4859-8955-58e9dfaf2338] INFO  o.eclipse.m2e.core.internal.Bundles - 	Entry: C:\Users\pramitad\Downloads\eclipse-jee-2023-03-R-win32-x86_64 (1)\eclipse\plugins\com.google.guava_31.1.0.jre.jar
2023-10-05 10:13:19,014 [Worker-16: Launching mavenrun-de9c95a0-e263-4859-8955-58e9dfaf2338] INFO  o.eclipse.m2e.core.internal.Bundles - getClasspathEntries(Bundle=slf4j.api_1.7.36 [924])
2023-10-05 10:13:19,015 [Worker-16: Launching mavenrun-de9c95a0-e263-4859-8955-58e9dfaf2338] INFO  o.eclipse.m2e.core.internal.Bundles - 	Entry: C:\Users\pramitad\Downloads\eclipse-jee-2023-03-R-win32-x86_64 (1)\eclipse\plugins\slf4j.api_1.7.36.jar
2023-10-05 10:13:19,016 [Worker-16: Launching mavenrun-de9c95a0-e263-4859-8955-58e9dfaf2338] INFO  o.eclipse.m2e.core.internal.Bundles - getClasspathEntries(Bundle=javax.inject_1.0.0.v20220405-0441 [35])
2023-10-05 10:13:19,017 [Worker-16: Launching mavenrun-de9c95a0-e263-4859-8955-58e9dfaf2338] INFO  o.eclipse.m2e.core.internal.Bundles - 	Entry: C:\Users\pramitad\Downloads\eclipse-jee-2023-03-R-win32-x86_64 (1)\eclipse\plugins\javax.inject_1.0.0.v20220405-0441.jar
2023-10-05 10:13:19,017 [Worker-16: Launching mavenrun-de9c95a0-e263-4859-8955-58e9dfaf2338] INFO  o.eclipse.m2e.core.internal.Bundles - getClasspathEntries(Bundle=javax.annotation_1.3.5.v20221203-1659 [33])
2023-10-05 10:13:19,018 [Worker-16: Launching mavenrun-de9c95a0-e263-4859-8955-58e9dfaf2338] INFO  o.eclipse.m2e.core.internal.Bundles - 	Entry: C:\Users\pramitad\Downloads\eclipse-jee-2023-03-R-win32-x86_64 (1)\eclipse\plugins\javax.annotation_1.3.5.v20221203-1659.jar
2023-10-05 10:13:19,018 [Worker-16: Launching mavenrun-de9c95a0-e263-4859-8955-58e9dfaf2338] INFO  o.eclipse.m2e.core.internal.Bundles - getClasspathEntries(Bundle=org.apache.commons.cli_1.4.0.v20221112-0806 [67])
2023-10-05 10:13:19,019 [Worker-16: Launching mavenrun-de9c95a0-e263-4859-8955-58e9dfaf2338] INFO  o.eclipse.m2e.core.internal.Bundles - 	Entry: C:\Users\pramitad\Downloads\eclipse-jee-2023-03-R-win32-x86_64 (1)\eclipse\plugins\org.apache.commons.cli_1.4.0.v20221112-0806.jar
2023-10-05 10:13:19,019 [Worker-16: Launching mavenrun-de9c95a0-e263-4859-8955-58e9dfaf2338] INFO  o.eclipse.m2e.core.internal.Bundles - getClasspathEntries(Bundle=com.google.guava.failureaccess_1.0.1 [13])
2023-10-05 10:13:19,020 [Worker-16: Launching mavenrun-de9c95a0-e263-4859-8955-58e9dfaf2338] INFO  o.eclipse.m2e.core.internal.Bundles - 	Entry: C:\Users\pramitad\Downloads\eclipse-jee-2023-03-R-win32-x86_64 (1)\eclipse\plugins\com.google.guava.failureaccess_1.0.1.jar
2023-10-05 10:13:19,025 [Worker-16: Launching mavenrun-de9c95a0-e263-4859-8955-58e9dfaf2338] INFO  o.e.m.i.launch.MavenLaunchDelegate - Run build in "C:\Users\pramitad\AppData\Local\Temp\m2e-archetypeGenerator2619051646998758434":
2023-10-05 10:13:19,029 [Worker-16: Launching mavenrun-de9c95a0-e263-4859-8955-58e9dfaf2338] INFO  o.e.m.i.launch.MavenLaunchDelegate -  mvn  -DarchetypeGroupId=org.glassfish.jersey.archetypes -DarchetypeArtifactId=jersey-quickstart-webapp -DarchetypeVersion=3.1.3 -DgroupId=infinite -DartifactId=jsfjsp -Dversion=0.0.1-SNAPSHOT -Dpackage=com.java.jsfjsp -DoutputDirectory=D:\jsfjsp -Dstyle.color=always -U archetype:generate
2023-10-05 10:13:34,593 [Worker-2: Creating jersey-quickstart-webapp] INFO  o.e.m.c.i.p.ProjectConfigurationManager - Collecting project info '/pom.xml' D:\jsfjsp\jsfjsp\pom.xml
2023-10-05 10:13:42,030 [Worker-2: Creating jersey-quickstart-webapp] INFO  o.e.m.c.i.l.LifecycleMappingFactory - Using org.maven.ide.eclipse.wtp.WarLifecycleMapping lifecycle mapping for MavenProject: infinite:jsfjsp:0.0.1-SNAPSHOT @ D:\jsfjsp\jsfjsp\pom.xml.
2023-10-05 10:13:46,021 [Worker-2: Creating jersey-quickstart-webapp] INFO  o.e.m.j.i.AbstractJavaProjectConfigurator - Adding source folder /jsfjsp/src/main/java
2023-10-05 10:13:46,021 [Worker-2: Creating jersey-quickstart-webapp] INFO  o.e.m.j.i.AbstractJavaProjectConfigurator - Adding resource folder /jsfjsp/src/main/resources
2023-10-05 10:13:46,035 [Worker-2: Creating jersey-quickstart-webapp] INFO  o.e.m.j.i.AbstractJavaProjectConfigurator - Adding source folder /jsfjsp/src/test/java
2023-10-05 10:13:48,969 [Worker-2: Creating jersey-quickstart-webapp] INFO  o.e.m.c.i.embedder.EclipseLogger - Using 'UTF-8' encoding to copy filtered resources.
2023-10-05 10:13:48,975 [Worker-2: Creating jersey-quickstart-webapp] INFO  o.e.m.c.i.embedder.EclipseLogger - Copying 0 resource
2023-10-05 10:13:48,978 [Worker-2: Creating jersey-quickstart-webapp] INFO  o.e.m.c.i.embedder.EclipseLogger - Using 'UTF-8' encoding to copy filtered resources.
2023-10-05 10:13:48,978 [Worker-2: Creating jersey-quickstart-webapp] INFO  o.e.m.c.i.embedder.EclipseLogger - skip non existing resourceDirectory D:\jsfjsp\jsfjsp\src\test\resources
2023-10-05 10:13:50,260 [Worker-2: Creating jersey-quickstart-webapp] INFO  o.e.m.c.i.p.ProjectConfigurationManager - Imported and configured 1 project(s) in 15 sec
2023-10-05 10:13:50,608 [Worker-2: Building] INFO  o.e.m.c.i.embedder.EclipseLogger - Using 'UTF-8' encoding to copy filtered resources.
2023-10-05 10:13:50,609 [Worker-2: Building] INFO  o.e.m.c.i.embedder.EclipseLogger - Copying 0 resource
2023-10-05 10:13:50,612 [Worker-2: Building] INFO  o.e.m.c.i.embedder.EclipseLogger - Using 'UTF-8' encoding to copy filtered resources.
2023-10-05 10:13:50,612 [Worker-2: Building] INFO  o.e.m.c.i.embedder.EclipseLogger - skip non existing resourceDirectory D:\jsfjsp\jsfjsp\src\test\resources
2023-10-05 10:14:28,570 [Worker-25: Building] INFO  o.e.m.c.i.embedder.EclipseLogger - Using 'UTF-8' encoding to copy filtered resources.
2023-10-05 10:14:31,091 [Worker-25: Building] INFO  o.e.m.c.i.embedder.EclipseLogger - Copying 0 resource
2023-10-05 10:14:31,092 [Worker-25: Building] INFO  o.e.m.c.i.embedder.EclipseLogger - Using 'UTF-8' encoding to copy filtered resources.
2023-10-05 10:14:31,093 [Worker-25: Building] INFO  o.e.m.c.i.embedder.EclipseLogger - skip non existing resourceDirectory D:\jsfjsp\jsfjsp\src\test\resources
2023-10-05 10:14:58,081 [Worker-15: Building] INFO  o.e.m.c.i.embedder.EclipseLogger - Using 'UTF-8' encoding to copy filtered resources.
2023-10-05 10:14:58,082 [Worker-15: Building] INFO  o.e.m.c.i.embedder.EclipseLogger - Copying 0 resource
2023-10-05 10:14:58,085 [Worker-15: Building] INFO  o.e.m.c.i.embedder.EclipseLogger - Using 'UTF-8' encoding to copy filtered resources.
2023-10-05 10:14:58,085 [Worker-15: Building] INFO  o.e.m.c.i.embedder.EclipseLogger - skip non existing resourceDirectory D:\jsfjsp\jsfjsp\src\test\resources
2023-10-05 10:15:25,913 [Worker-20: Building] INFO  o.e.m.c.i.embedder.EclipseLogger - Using 'UTF-8' encoding to copy filtered resources.
2023-10-05 10:15:25,913 [Worker-20: Building] INFO  o.e.m.c.i.embedder.EclipseLogger - Copying 0 resource
2023-10-05 10:15:25,915 [Worker-20: Building] INFO  o.e.m.c.i.embedder.EclipseLogger - Using 'UTF-8' encoding to copy filtered resources.
2023-10-05 10:15:25,915 [Worker-20: Building] INFO  o.e.m.c.i.embedder.EclipseLogger - skip non existing resourceDirectory D:\jsfjsp\jsfjsp\src\test\resources
2023-10-05 10:16:08,367 [Worker-2: Building] INFO  o.e.m.c.i.l.LifecycleMappingFactory - Using org.maven.ide.eclipse.wtp.WarLifecycleMapping lifecycle mapping for MavenProject: infinite:jsfjsp:0.0.1-SNAPSHOT @ D:\jsfjsp\jsfjsp\pom.xml.
2023-10-05 10:16:09,870 [Worker-2: Building] INFO  o.e.m.c.i.embedder.EclipseLogger - Using 'UTF-8' encoding to copy filtered resources.
2023-10-05 10:16:09,871 [Worker-2: Building] INFO  o.e.m.c.i.embedder.EclipseLogger - Copying 0 resource
2023-10-05 10:16:09,872 [Worker-2: Building] INFO  o.e.m.c.i.embedder.EclipseLogger - Using 'UTF-8' encoding to copy filtered resources.
2023-10-05 10:16:09,873 [Worker-2: Building] INFO  o.e.m.c.i.embedder.EclipseLogger - skip non existing resourceDirectory D:\jsfjsp\jsfjsp\src\test\resources
2023-10-05 10:16:09,874 [Worker-2: Building] INFO  o.e.m.w.i.f.ResourceFilteringBuildParticipant - Changed resources require a complete clean of filtered resources of jsfjsp
2023-10-05 10:16:09,906 [Worker-2: Building] INFO  o.e.m.w.i.f.ResourceFilteringBuildParticipant - Executing resource filtering for jsfjsp
2023-10-05 10:16:13,133 [Worker-15: Download sources and javadoc] INFO  o.e.m.c.i.e.AbstractTransferListenerAdapter - Downloading https://repo.maven.apache.org/maven2/com/sun/faces/jsf-api/2.2.20/jsf-api-2.2.20-sources.jar
2023-10-05 10:16:13,380 [Worker-15: Download sources and javadoc] INFO  o.e.m.c.i.e.AbstractTransferListenerAdapter - Downloaded https://repo.maven.apache.org/maven2/com/sun/faces/jsf-api/2.2.20/jsf-api-2.2.20-sources.jar
2023-10-05 10:16:13,387 [Worker-15: Download sources and javadoc] INFO  o.e.m.j.internal.DownloadSourcesJob - Downloaded sources for com.sun.faces:jsf-api:2.2.20
2023-10-05 10:16:13,462 [Worker-15: Download sources and javadoc] INFO  o.e.m.c.i.e.AbstractTransferListenerAdapter - Downloading https://repo.maven.apache.org/maven2/com/sun/faces/jsf-impl/2.2.14/jsf-impl-2.2.14-sources.jar
2023-10-05 10:16:13,674 [Worker-15: Download sources and javadoc] INFO  o.e.m.c.i.e.AbstractTransferListenerAdapter - Downloaded https://repo.maven.apache.org/maven2/com/sun/faces/jsf-impl/2.2.14/jsf-impl-2.2.14-sources.jar
2023-10-05 10:16:13,702 [Worker-15: Download sources and javadoc] INFO  o.e.m.j.internal.DownloadSourcesJob - Downloaded sources for com.sun.faces:jsf-impl:2.2.14
2023-10-05 10:24:19,705 [Worker-27: Building] INFO  o.e.m.c.i.embedder.EclipseLogger - Using 'UTF-8' encoding to copy filtered resources.
2023-10-05 10:24:19,705 [Worker-27: Building] INFO  o.e.m.c.i.embedder.EclipseLogger - Copying 0 resource
2023-10-05 10:24:19,708 [Worker-27: Building] INFO  o.e.m.c.i.embedder.EclipseLogger - Using 'UTF-8' encoding to copy filtered resources.
2023-10-05 10:24:19,708 [Worker-27: Building] INFO  o.e.m.c.i.embedder.EclipseLogger - skip non existing resourceDirectory D:\jsfjsp\jsfjsp\src\test\resources
2023-10-05 10:24:59,983 [Worker-29: Building] INFO  o.e.m.c.i.embedder.EclipseLogger - Using 'UTF-8' encoding to copy filtered resources.
2023-10-05 10:24:59,984 [Worker-29: Building] INFO  o.e.m.c.i.embedder.EclipseLogger - Copying 0 resource
2023-10-05 10:24:59,990 [Worker-29: Building] INFO  o.e.m.c.i.embedder.EclipseLogger - Using 'UTF-8' encoding to copy filtered resources.
2023-10-05 10:24:59,991 [Worker-29: Building] INFO  o.e.m.c.i.embedder.EclipseLogger - skip non existing resourceDirectory D:\jsfjsp\jsfjsp\src\test\resources
2023-10-05 10:25:25,061 [Worker-15: Building] INFO  o.e.m.c.i.embedder.EclipseLogger - Using 'UTF-8' encoding to copy filtered resources.
2023-10-05 10:25:25,061 [Worker-15: Building] INFO  o.e.m.c.i.embedder.EclipseLogger - Copying 0 resource
2023-10-05 10:25:25,065 [Worker-15: Building] INFO  o.e.m.c.i.embedder.EclipseLogger - Using 'UTF-8' encoding to copy filtered resources.
2023-10-05 10:25:25,065 [Worker-15: Building] INFO  o.e.m.c.i.embedder.EclipseLogger - skip non existing resourceDirectory D:\jsfjsp\jsfjsp\src\test\resources
2023-10-05 10:26:07,719 [Worker-29: Building] INFO  o.e.m.c.i.embedder.EclipseLogger - Using 'UTF-8' encoding to copy filtered resources.
2023-10-05 10:26:07,720 [Worker-29: Building] INFO  o.e.m.c.i.embedder.EclipseLogger - Copying 0 resource
2023-10-05 10:26:07,721 [Worker-29: Building] INFO  o.e.m.c.i.embedder.EclipseLogger - Using 'UTF-8' encoding to copy filtered resources.
2023-10-05 10:26:07,721 [Worker-29: Building] INFO  o.e.m.c.i.embedder.EclipseLogger - skip non existing resourceDirectory D:\jsfjsp\jsfjsp\src\test\resources
2023-10-05 10:28:51,714 [Worker-27: Building] INFO  o.e.m.c.i.embedder.EclipseLogger - Using 'UTF-8' encoding to copy filtered resources.
2023-10-05 10:28:51,714 [Worker-27: Building] INFO  o.e.m.c.i.embedder.EclipseLogger - Copying 0 resource
2023-10-05 10:28:51,717 [Worker-27: Building] INFO  o.e.m.c.i.embedder.EclipseLogger - Using 'UTF-8' encoding to copy filtered resources.
2023-10-05 10:28:51,717 [Worker-27: Building] INFO  o.e.m.c.i.embedder.EclipseLogger - skip non existing resourceDirectory D:\jsfjsp\jsfjsp\src\test\resources
2023-10-05 10:30:58,805 [Worker-28: Building] INFO  o.e.m.c.i.embedder.EclipseLogger - Using 'UTF-8' encoding to copy filtered resources.
2023-10-05 10:30:58,806 [Worker-28: Building] INFO  o.e.m.c.i.embedder.EclipseLogger - Copying 0 resource
2023-10-05 10:30:58,808 [Worker-28: Building] INFO  o.e.m.c.i.embedder.EclipseLogger - Using 'UTF-8' encoding to copy filtered resources.
2023-10-05 10:30:58,809 [Worker-28: Building] INFO  o.e.m.c.i.embedder.EclipseLogger - skip non existing resourceDirectory D:\jsfjsp\jsfjsp\src\test\resources
2023-10-05 10:45:45,014 [Worker-32: Updating Maven Project] INFO  o.e.m.c.i.p.ProjectConfigurationManager - Update started
2023-10-05 10:45:52,088 [Worker-32: Updating Maven Project] INFO  o.e.m.c.i.l.LifecycleMappingFactory - Using org.maven.ide.eclipse.wtp.WarLifecycleMapping lifecycle mapping for MavenProject: infinite:jsfjsp:0.0.1-SNAPSHOT @ D:\jsfjsp\jsfjsp\pom.xml.
2023-10-05 10:45:59,092 [Worker-32: Updating Maven Project] INFO  o.e.m.j.i.AbstractJavaProjectConfigurator - Adding source folder /jsfjsp/src/main/java
2023-10-05 10:45:59,092 [Worker-32: Updating Maven Project] INFO  o.e.m.j.i.AbstractJavaProjectConfigurator - Adding resource folder /jsfjsp/src/main/resources
2023-10-05 10:45:59,092 [Worker-32: Updating Maven Project] INFO  o.e.m.j.i.AbstractJavaProjectConfigurator - Adding source folder /jsfjsp/src/test/java
2023-10-05 10:45:59,318 [Worker-32: Updating Maven Project] INFO  o.e.m.c.i.embedder.EclipseLogger - Using 'UTF-8' encoding to copy filtered resources.
2023-10-05 10:45:59,319 [Worker-32: Updating Maven Project] INFO  o.e.m.c.i.embedder.EclipseLogger - Copying 0 resource
2023-10-05 10:45:59,322 [Worker-32: Updating Maven Project] INFO  o.e.m.c.i.embedder.EclipseLogger - Using 'UTF-8' encoding to copy filtered resources.
2023-10-05 10:45:59,322 [Worker-32: Updating Maven Project] INFO  o.e.m.c.i.embedder.EclipseLogger - skip non existing resourceDirectory D:\jsfjsp\jsfjsp\src\test\resources
2023-10-05 10:45:59,323 [Worker-32: Updating Maven Project] INFO  o.e.m.w.i.f.ResourceFilteringBuildParticipant - Changed resources require a complete clean of filtered resources of jsfjsp
2023-10-05 10:45:59,323 [Worker-32: Updating Maven Project] INFO  o.e.m.w.i.f.ResourceFilteringBuildParticipant - Executing resource filtering for jsfjsp
2023-10-05 10:46:00,502 [Worker-32: Updating Maven Project] INFO  o.e.m.w.i.f.ResourceFilteringBuildParticipant - Cleaning filtered folder for jsfjsp
2023-10-05 10:46:00,598 [Worker-32: Updating Maven Project] INFO  o.e.m.c.i.p.ProjectConfigurationManager - Update completed for 1 poms: local refresh takes 0.00 sec, refresh facades takes 12.00 sec, update config takes 3.00 sec 
2023-10-05 10:46:02,302 [Worker-37: Building] INFO  o.e.m.c.i.embedder.EclipseLogger - Using 'UTF-8' encoding to copy filtered resources.
2023-10-05 10:46:02,303 [Worker-37: Building] INFO  o.e.m.c.i.embedder.EclipseLogger - Copying 0 resource
2023-10-05 10:46:02,308 [Worker-37: Building] INFO  o.e.m.c.i.embedder.EclipseLogger - Using 'UTF-8' encoding to copy filtered resources.
2023-10-05 10:46:02,308 [Worker-37: Building] INFO  o.e.m.c.i.embedder.EclipseLogger - skip non existing resourceDirectory D:\jsfjsp\jsfjsp\src\test\resources
2023-10-05 10:46:02,309 [Worker-37: Building] INFO  o.e.m.w.i.f.ResourceFilteringBuildParticipant - Changed resources require a complete clean of filtered resources of jsfjsp
2023-10-05 10:46:02,309 [Worker-37: Building] INFO  o.e.m.w.i.f.ResourceFilteringBuildParticipant - Executing resource filtering for jsfjsp
2023-10-05 11:00:02,018 [Worker-43: Building] INFO  o.e.m.c.i.embedder.EclipseLogger - Using 'UTF-8' encoding to copy filtered resources.
2023-10-05 11:00:02,018 [Worker-43: Building] INFO  o.e.m.c.i.embedder.EclipseLogger - Copying 0 resource
2023-10-05 11:00:02,021 [Worker-43: Building] INFO  o.e.m.c.i.embedder.EclipseLogger - Using 'UTF-8' encoding to copy filtered resources.
2023-10-05 11:00:02,021 [Worker-43: Building] INFO  o.e.m.c.i.embedder.EclipseLogger - skip non existing resourceDirectory D:\jsfjsp\jsfjsp\src\test\resources
2023-10-05 11:02:21,912 [Worker-32: Building] INFO  o.e.m.c.i.embedder.EclipseLogger - Using 'UTF-8' encoding to copy filtered resources.
2023-10-05 11:02:21,912 [Worker-32: Building] INFO  o.e.m.c.i.embedder.EclipseLogger - Copying 0 resource
2023-10-05 11:02:21,914 [Worker-32: Building] INFO  o.e.m.c.i.embedder.EclipseLogger - Using 'UTF-8' encoding to copy filtered resources.
2023-10-05 11:02:21,914 [Worker-32: Building] INFO  o.e.m.c.i.embedder.EclipseLogger - skip non existing resourceDirectory D:\jsfjsp\jsfjsp\src\test\resources
2023-10-05 11:02:24,450 [Worker-43: Building] INFO  o.e.m.c.i.embedder.EclipseLogger - Using 'UTF-8' encoding to copy filtered resources.
2023-10-05 11:02:24,450 [Worker-43: Building] INFO  o.e.m.c.i.embedder.EclipseLogger - Copying 0 resource
2023-10-05 11:02:24,452 [Worker-43: Building] INFO  o.e.m.c.i.embedder.EclipseLogger - Using 'UTF-8' encoding to copy filtered resources.
2023-10-05 11:02:24,452 [Worker-43: Building] INFO  o.e.m.c.i.embedder.EclipseLogger - skip non existing resourceDirectory D:\jsfjsp\jsfjsp\src\test\resources
2023-10-05 11:25:37,721 [Worker-32: Building] INFO  o.e.m.c.i.embedder.EclipseLogger - Using 'UTF-8' encoding to copy filtered resources.
2023-10-05 11:25:37,721 [Worker-32: Building] INFO  o.e.m.c.i.embedder.EclipseLogger - Copying 0 resource
2023-10-05 11:25:37,723 [Worker-32: Building] INFO  o.e.m.c.i.embedder.EclipseLogger - Using 'UTF-8' encoding to copy filtered resources.
2023-10-05 11:25:37,723 [Worker-32: Building] INFO  o.e.m.c.i.embedder.EclipseLogger - skip non existing resourceDirectory D:\jsfjsp\jsfjsp\src\test\resources
2023-10-05 11:30:24,292 [Worker-53: Building] INFO  o.e.m.c.i.embedder.EclipseLogger - Using 'UTF-8' encoding to copy filtered resources.
2023-10-05 11:30:24,292 [Worker-53: Building] INFO  o.e.m.c.i.embedder.EclipseLogger - Copying 0 resource
2023-10-05 11:30:24,294 [Worker-53: Building] INFO  o.e.m.c.i.embedder.EclipseLogger - Using 'UTF-8' encoding to copy filtered resources.
2023-10-05 11:30:24,294 [Worker-53: Building] INFO  o.e.m.c.i.embedder.EclipseLogger - skip non existing resourceDirectory D:\jsfjsp\jsfjsp\src\test\resources
2023-10-05 11:38:44,670 [Worker-55: Building] INFO  o.e.m.c.i.embedder.EclipseLogger - Using 'UTF-8' encoding to copy filtered resources.
2023-10-05 11:38:44,671 [Worker-55: Building] INFO  o.e.m.c.i.embedder.EclipseLogger - Copying 0 resource
2023-10-05 11:38:44,672 [Worker-55: Building] INFO  o.e.m.c.i.embedder.EclipseLogger - Using 'UTF-8' encoding to copy filtered resources.
2023-10-05 11:38:44,672 [Worker-55: Building] INFO  o.e.m.c.i.embedder.EclipseLogger - skip non existing resourceDirectory D:\jsfjsp\jsfjsp\src\test\resources
2023-10-05 11:39:08,548 [Worker-55: Building] INFO  o.e.m.c.i.embedder.EclipseLogger - Using 'UTF-8' encoding to copy filtered resources.
2023-10-05 11:39:08,549 [Worker-55: Building] INFO  o.e.m.c.i.embedder.EclipseLogger - Copying 0 resource
2023-10-05 11:39:08,550 [Worker-55: Building] INFO  o.e.m.c.i.embedder.EclipseLogger - Using 'UTF-8' encoding to copy filtered resources.
2023-10-05 11:39:08,550 [Worker-55: Building] INFO  o.e.m.c.i.embedder.EclipseLogger - skip non existing resourceDirectory D:\jsfjsp\jsfjsp\src\test\resources
2023-10-05 11:42:23,875 [Worker-52: Building] INFO  o.e.m.c.i.embedder.EclipseLogger - Using 'UTF-8' encoding to copy filtered resources.
2023-10-05 11:42:23,875 [Worker-52: Building] INFO  o.e.m.c.i.embedder.EclipseLogger - Copying 0 resource
2023-10-05 11:42:23,877 [Worker-52: Building] INFO  o.e.m.c.i.embedder.EclipseLogger - Using 'UTF-8' encoding to copy filtered resources.
2023-10-05 11:42:23,877 [Worker-52: Building] INFO  o.e.m.c.i.embedder.EclipseLogger - skip non existing resourceDirectory D:\jsfjsp\jsfjsp\src\test\resources
2023-10-05 11:43:22,993 [Worker-56: Building] INFO  o.e.m.c.i.embedder.EclipseLogger - Using 'UTF-8' encoding to copy filtered resources.
2023-10-05 11:43:22,994 [Worker-56: Building] INFO  o.e.m.c.i.embedder.EclipseLogger - Copying 0 resource
2023-10-05 11:43:22,996 [Worker-56: Building] INFO  o.e.m.c.i.embedder.EclipseLogger - Using 'UTF-8' encoding to copy filtered resources.
2023-10-05 11:43:22,996 [Worker-56: Building] INFO  o.e.m.c.i.embedder.EclipseLogger - skip non existing resourceDirectory D:\jsfjsp\jsfjsp\src\test\resources
2023-10-05 11:43:58,266 [Worker-59: Building] INFO  o.e.m.c.i.embedder.EclipseLogger - Using 'UTF-8' encoding to copy filtered resources.
2023-10-05 11:43:58,267 [Worker-59: Building] INFO  o.e.m.c.i.embedder.EclipseLogger - Copying 0 resource
2023-10-05 11:43:58,268 [Worker-59: Building] INFO  o.e.m.c.i.embedder.EclipseLogger - Using 'UTF-8' encoding to copy filtered resources.
2023-10-05 11:43:58,269 [Worker-59: Building] INFO  o.e.m.c.i.embedder.EclipseLogger - skip non existing resourceDirectory D:\jsfjsp\jsfjsp\src\test\resources
2023-10-05 11:44:55,040 [Worker-58: Building] INFO  o.e.m.c.i.embedder.EclipseLogger - Using 'UTF-8' encoding to copy filtered resources.
2023-10-05 11:44:55,040 [Worker-58: Building] INFO  o.e.m.c.i.embedder.EclipseLogger - Copying 0 resource
2023-10-05 11:44:55,042 [Worker-58: Building] INFO  o.e.m.c.i.embedder.EclipseLogger - Using 'UTF-8' encoding to copy filtered resources.
2023-10-05 11:44:55,042 [Worker-58: Building] INFO  o.e.m.c.i.embedder.EclipseLogger - skip non existing resourceDirectory D:\jsfjsp\jsfjsp\src\test\resources
2023-10-05 11:46:22,327 [Worker-58: Building] INFO  o.e.m.c.i.embedder.EclipseLogger - Using 'UTF-8' encoding to copy filtered resources.
2023-10-05 11:46:22,327 [Worker-58: Building] INFO  o.e.m.c.i.embedder.EclipseLogger - Copying 0 resource
2023-10-05 11:46:22,329 [Worker-58: Building] INFO  o.e.m.c.i.embedder.EclipseLogger - Using 'UTF-8' encoding to copy filtered resources.
2023-10-05 11:46:22,329 [Worker-58: Building] INFO  o.e.m.c.i.embedder.EclipseLogger - skip non existing resourceDirectory D:\jsfjsp\jsfjsp\src\test\resources
2023-10-05 11:47:35,645 [Worker-37: Building] INFO  o.e.m.c.i.embedder.EclipseLogger - Using 'UTF-8' encoding to copy filtered resources.
2023-10-05 11:47:35,645 [Worker-37: Building] INFO  o.e.m.c.i.embedder.EclipseLogger - Copying 0 resource
2023-10-05 11:47:35,647 [Worker-37: Building] INFO  o.e.m.c.i.embedder.EclipseLogger - Using 'UTF-8' encoding to copy filtered resources.
2023-10-05 11:47:35,647 [Worker-37: Building] INFO  o.e.m.c.i.embedder.EclipseLogger - skip non existing resourceDirectory D:\jsfjsp\jsfjsp\src\test\resources
2023-10-05 11:48:39,787 [Worker-56: Building] INFO  o.e.m.c.i.embedder.EclipseLogger - Using 'UTF-8' encoding to copy filtered resources.
2023-10-05 11:48:39,788 [Worker-56: Building] INFO  o.e.m.c.i.embedder.EclipseLogger - Copying 0 resource
2023-10-05 11:48:39,790 [Worker-56: Building] INFO  o.e.m.c.i.embedder.EclipseLogger - Using 'UTF-8' encoding to copy filtered resources.
2023-10-05 11:48:39,790 [Worker-56: Building] INFO  o.e.m.c.i.embedder.EclipseLogger - skip non existing resourceDirectory D:\jsfjsp\jsfjsp\src\test\resources
2023-10-05 11:49:03,552 [Worker-52: Building] INFO  o.e.m.c.i.embedder.EclipseLogger - Using 'UTF-8' encoding to copy filtered resources.
2023-10-05 11:49:03,553 [Worker-52: Building] INFO  o.e.m.c.i.embedder.EclipseLogger - Copying 0 resource
2023-10-05 11:49:03,555 [Worker-52: Building] INFO  o.e.m.c.i.embedder.EclipseLogger - Using 'UTF-8' encoding to copy filtered resources.
2023-10-05 11:49:03,555 [Worker-52: Building] INFO  o.e.m.c.i.embedder.EclipseLogger - skip non existing resourceDirectory D:\jsfjsp\jsfjsp\src\test\resources
2023-10-05 11:51:38,208 [Worker-52: Building] INFO  o.e.m.c.i.embedder.EclipseLogger - Using 'UTF-8' encoding to copy filtered resources.
2023-10-05 11:51:38,208 [Worker-52: Building] INFO  o.e.m.c.i.embedder.EclipseLogger - Copying 0 resource
2023-10-05 11:51:38,209 [Worker-52: Building] INFO  o.e.m.c.i.embedder.EclipseLogger - Using 'UTF-8' encoding to copy filtered resources.
2023-10-05 11:51:38,209 [Worker-52: Building] INFO  o.e.m.c.i.embedder.EclipseLogger - skip non existing resourceDirectory D:\jsfjsp\jsfjsp\src\test\resources
2023-10-05 11:51:43,815 [Worker-52: Building] INFO  o.e.m.c.i.embedder.EclipseLogger - Using 'UTF-8' encoding to copy filtered resources.
2023-10-05 11:51:43,815 [Worker-52: Building] INFO  o.e.m.c.i.embedder.EclipseLogger - Copying 0 resource
2023-10-05 11:51:43,817 [Worker-52: Building] INFO  o.e.m.c.i.embedder.EclipseLogger - Using 'UTF-8' encoding to copy filtered resources.
2023-10-05 11:51:43,818 [Worker-52: Building] INFO  o.e.m.c.i.embedder.EclipseLogger - skip non existing resourceDirectory D:\jsfjsp\jsfjsp\src\test\resources
2023-10-05 11:52:54,644 [Worker-56: Building] INFO  o.e.m.c.i.embedder.EclipseLogger - Using 'UTF-8' encoding to copy filtered resources.
2023-10-05 11:52:54,644 [Worker-56: Building] INFO  o.e.m.c.i.embedder.EclipseLogger - Copying 0 resource
2023-10-05 11:52:54,646 [Worker-56: Building] INFO  o.e.m.c.i.embedder.EclipseLogger - Using 'UTF-8' encoding to copy filtered resources.
2023-10-05 11:52:54,646 [Worker-56: Building] INFO  o.e.m.c.i.embedder.EclipseLogger - skip non existing resourceDirectory D:\jsfjsp\jsfjsp\src\test\resources
2023-10-05 11:53:44,141 [Worker-63: Building] INFO  o.e.m.c.i.embedder.EclipseLogger - Using 'UTF-8' encoding to copy filtered resources.
2023-10-05 11:53:44,142 [Worker-63: Building] INFO  o.e.m.c.i.embedder.EclipseLogger - Copying 0 resource
2023-10-05 11:53:44,143 [Worker-63: Building] INFO  o.e.m.c.i.embedder.EclipseLogger - Using 'UTF-8' encoding to copy filtered resources.
2023-10-05 11:53:44,143 [Worker-63: Building] INFO  o.e.m.c.i.embedder.EclipseLogger - skip non existing resourceDirectory D:\jsfjsp\jsfjsp\src\test\resources
2023-10-05 11:53:57,725 [Worker-59: Building] INFO  o.e.m.c.i.embedder.EclipseLogger - Using 'UTF-8' encoding to copy filtered resources.
2023-10-05 11:53:57,725 [Worker-59: Building] INFO  o.e.m.c.i.embedder.EclipseLogger - Copying 0 resource
2023-10-05 11:53:57,726 [Worker-59: Building] INFO  o.e.m.c.i.embedder.EclipseLogger - Using 'UTF-8' encoding to copy filtered resources.
2023-10-05 11:53:57,727 [Worker-59: Building] INFO  o.e.m.c.i.embedder.EclipseLogger - skip non existing resourceDirectory D:\jsfjsp\jsfjsp\src\test\resources
2023-10-05 11:57:14,413 [Worker-65: Building] INFO  o.e.m.c.i.embedder.EclipseLogger - Using 'UTF-8' encoding to copy filtered resources.
2023-10-05 11:57:14,413 [Worker-65: Building] INFO  o.e.m.c.i.embedder.EclipseLogger - Copying 0 resource
2023-10-05 11:57:14,415 [Worker-65: Building] INFO  o.e.m.c.i.embedder.EclipseLogger - Using 'UTF-8' encoding to copy filtered resources.
2023-10-05 11:57:14,415 [Worker-65: Building] INFO  o.e.m.c.i.embedder.EclipseLogger - skip non existing resourceDirectory D:\jsfjsp\jsfjsp\src\test\resources
2023-10-05 11:57:53,022 [Worker-59: Building] INFO  o.e.m.c.i.embedder.EclipseLogger - Using 'UTF-8' encoding to copy filtered resources.
2023-10-05 11:57:53,022 [Worker-59: Building] INFO  o.e.m.c.i.embedder.EclipseLogger - Copying 0 resource
2023-10-05 11:57:53,022 [Worker-59: Building] INFO  o.e.m.c.i.embedder.EclipseLogger - Using 'UTF-8' encoding to copy filtered resources.
2023-10-05 11:57:53,022 [Worker-59: Building] INFO  o.e.m.c.i.embedder.EclipseLogger - skip non existing resourceDirectory D:\jsfjsp\jsfjsp\src\test\resources
2023-10-05 12:00:03,038 [Worker-58: Building] INFO  o.e.m.c.i.embedder.EclipseLogger - Using 'UTF-8' encoding to copy filtered resources.
2023-10-05 12:00:03,038 [Worker-58: Building] INFO  o.e.m.c.i.embedder.EclipseLogger - Copying 0 resource
2023-10-05 12:00:03,040 [Worker-58: Building] INFO  o.e.m.c.i.embedder.EclipseLogger - Using 'UTF-8' encoding to copy filtered resources.
2023-10-05 12:00:03,040 [Worker-58: Building] INFO  o.e.m.c.i.embedder.EclipseLogger - skip non existing resourceDirectory D:\jsfjsp\jsfjsp\src\test\resources
2023-10-05 12:04:52,525 [Worker-69: Building] INFO  o.e.m.c.i.embedder.EclipseLogger - Using 'UTF-8' encoding to copy filtered resources.
2023-10-05 12:04:52,526 [Worker-69: Building] INFO  o.e.m.c.i.embedder.EclipseLogger - Copying 0 resource
2023-10-05 12:04:52,527 [Worker-69: Building] INFO  o.e.m.c.i.embedder.EclipseLogger - Using 'UTF-8' encoding to copy filtered resources.
2023-10-05 12:04:52,528 [Worker-69: Building] INFO  o.e.m.c.i.embedder.EclipseLogger - skip non existing resourceDirectory D:\jsfjsp\jsfjsp\src\test\resources
2023-10-05 12:05:53,123 [Worker-68: Building] INFO  o.e.m.c.i.embedder.EclipseLogger - Using 'UTF-8' encoding to copy filtered resources.
2023-10-05 12:05:53,123 [Worker-68: Building] INFO  o.e.m.c.i.embedder.EclipseLogger - Copying 0 resource
2023-10-05 12:05:53,125 [Worker-68: Building] INFO  o.e.m.c.i.embedder.EclipseLogger - Using 'UTF-8' encoding to copy filtered resources.
2023-10-05 12:05:53,125 [Worker-68: Building] INFO  o.e.m.c.i.embedder.EclipseLogger - skip non existing resourceDirectory D:\jsfjsp\jsfjsp\src\test\resources
2023-10-05 12:05:59,166 [Worker-72: Building] INFO  o.e.m.c.i.embedder.EclipseLogger - Using 'UTF-8' encoding to copy filtered resources.
2023-10-05 12:05:59,167 [Worker-72: Building] INFO  o.e.m.c.i.embedder.EclipseLogger - Copying 0 resource
2023-10-05 12:05:59,170 [Worker-72: Building] INFO  o.e.m.c.i.embedder.EclipseLogger - Using 'UTF-8' encoding to copy filtered resources.
2023-10-05 12:05:59,170 [Worker-72: Building] INFO  o.e.m.c.i.embedder.EclipseLogger - skip non existing resourceDirectory D:\jsfjsp\jsfjsp\src\test\resources
2023-10-05 12:06:03,504 [Worker-71: Building] INFO  o.e.m.c.i.embedder.EclipseLogger - Using 'UTF-8' encoding to copy filtered resources.
2023-10-05 12:06:03,504 [Worker-71: Building] INFO  o.e.m.c.i.embedder.EclipseLogger - Copying 0 resource
2023-10-05 12:06:03,506 [Worker-71: Building] INFO  o.e.m.c.i.embedder.EclipseLogger - Using 'UTF-8' encoding to copy filtered resources.
2023-10-05 12:06:03,506 [Worker-71: Building] INFO  o.e.m.c.i.embedder.EclipseLogger - skip non existing resourceDirectory D:\jsfjsp\jsfjsp\src\test\resources
2023-10-05 12:07:22,928 [Worker-73: Building] INFO  o.e.m.c.i.embedder.EclipseLogger - Using 'UTF-8' encoding to copy filtered resources.
2023-10-05 12:07:22,929 [Worker-73: Building] INFO  o.e.m.c.i.embedder.EclipseLogger - Copying 0 resource
2023-10-05 12:07:22,930 [Worker-73: Building] INFO  o.e.m.c.i.embedder.EclipseLogger - Using 'UTF-8' encoding to copy filtered resources.
2023-10-05 12:07:22,930 [Worker-73: Building] INFO  o.e.m.c.i.embedder.EclipseLogger - skip non existing resourceDirectory D:\jsfjsp\jsfjsp\src\test\resources
2023-10-05 12:08:00,071 [Worker-73: Building] INFO  o.e.m.c.i.embedder.EclipseLogger - Using 'UTF-8' encoding to copy filtered resources.
2023-10-05 12:08:00,072 [Worker-73: Building] INFO  o.e.m.c.i.embedder.EclipseLogger - Copying 0 resource
2023-10-05 12:08:00,074 [Worker-73: Building] INFO  o.e.m.c.i.embedder.EclipseLogger - Using 'UTF-8' encoding to copy filtered resources.
2023-10-05 12:08:00,074 [Worker-73: Building] INFO  o.e.m.c.i.embedder.EclipseLogger - skip non existing resourceDirectory D:\jsfjsp\jsfjsp\src\test\resources
2023-10-05 12:08:49,081 [Worker-69: Building] INFO  o.e.m.c.i.embedder.EclipseLogger - Using 'UTF-8' encoding to copy filtered resources.
2023-10-05 12:08:49,081 [Worker-69: Building] INFO  o.e.m.c.i.embedder.EclipseLogger - Copying 0 resource
2023-10-05 12:08:49,083 [Worker-69: Building] INFO  o.e.m.c.i.embedder.EclipseLogger - Using 'UTF-8' encoding to copy filtered resources.
2023-10-05 12:08:49,083 [Worker-69: Building] INFO  o.e.m.c.i.embedder.EclipseLogger - skip non existing resourceDirectory D:\jsfjsp\jsfjsp\src\test\resources
2023-10-05 12:09:19,293 [Worker-74: Building] INFO  o.e.m.c.i.embedder.EclipseLogger - Using 'UTF-8' encoding to copy filtered resources.
2023-10-05 12:09:19,294 [Worker-74: Building] INFO  o.e.m.c.i.embedder.EclipseLogger - Copying 0 resource
2023-10-05 12:09:19,296 [Worker-74: Building] INFO  o.e.m.c.i.embedder.EclipseLogger - Using 'UTF-8' encoding to copy filtered resources.
2023-10-05 12:09:19,296 [Worker-74: Building] INFO  o.e.m.c.i.embedder.EclipseLogger - skip non existing resourceDirectory D:\jsfjsp\jsfjsp\src\test\resources
2023-10-05 12:09:31,425 [Worker-70: Building] INFO  o.e.m.c.i.embedder.EclipseLogger - Using 'UTF-8' encoding to copy filtered resources.
2023-10-05 12:09:31,425 [Worker-70: Building] INFO  o.e.m.c.i.embedder.EclipseLogger - Copying 0 resource
2023-10-05 12:09:31,426 [Worker-70: Building] INFO  o.e.m.c.i.embedder.EclipseLogger - Using 'UTF-8' encoding to copy filtered resources.
2023-10-05 12:09:31,426 [Worker-70: Building] INFO  o.e.m.c.i.embedder.EclipseLogger - skip non existing resourceDirectory D:\jsfjsp\jsfjsp\src\test\resources
2023-10-05 12:10:40,005 [Worker-76: Building] INFO  o.e.m.c.i.embedder.EclipseLogger - Using 'UTF-8' encoding to copy filtered resources.
2023-10-05 12:10:40,005 [Worker-76: Building] INFO  o.e.m.c.i.embedder.EclipseLogger - Copying 0 resource
2023-10-05 12:10:40,007 [Worker-76: Building] INFO  o.e.m.c.i.embedder.EclipseLogger - Using 'UTF-8' encoding to copy filtered resources.
2023-10-05 12:10:40,007 [Worker-76: Building] INFO  o.e.m.c.i.embedder.EclipseLogger - skip non existing resourceDirectory D:\jsfjsp\jsfjsp\src\test\resources
2023-10-05 12:11:27,042 [Worker-75: Building] INFO  o.e.m.c.i.embedder.EclipseLogger - Using 'UTF-8' encoding to copy filtered resources.
2023-10-05 12:11:27,042 [Worker-75: Building] INFO  o.e.m.c.i.embedder.EclipseLogger - Copying 0 resource
2023-10-05 12:11:27,044 [Worker-75: Building] INFO  o.e.m.c.i.embedder.EclipseLogger - Using 'UTF-8' encoding to copy filtered resources.
2023-10-05 12:11:27,044 [Worker-75: Building] INFO  o.e.m.c.i.embedder.EclipseLogger - skip non existing resourceDirectory D:\jsfjsp\jsfjsp\src\test\resources
2023-10-05 12:22:12,809 [Worker-76: Building] INFO  o.e.m.c.i.embedder.EclipseLogger - Using 'UTF-8' encoding to copy filtered resources.
2023-10-05 12:22:12,810 [Worker-76: Building] INFO  o.e.m.c.i.embedder.EclipseLogger - Copying 0 resource
2023-10-05 12:22:12,812 [Worker-76: Building] INFO  o.e.m.c.i.embedder.EclipseLogger - Using 'UTF-8' encoding to copy filtered resources.
2023-10-05 12:22:12,812 [Worker-76: Building] INFO  o.e.m.c.i.embedder.EclipseLogger - skip non existing resourceDirectory D:\jsfjsp\jsfjsp\src\test\resources
2023-10-05 12:25:33,345 [Worker-77: Building] INFO  o.e.m.c.i.embedder.EclipseLogger - Using 'UTF-8' encoding to copy filtered resources.
2023-10-05 12:25:33,346 [Worker-77: Building] INFO  o.e.m.c.i.embedder.EclipseLogger - Copying 0 resource
2023-10-05 12:25:33,347 [Worker-77: Building] INFO  o.e.m.c.i.embedder.EclipseLogger - Using 'UTF-8' encoding to copy filtered resources.
2023-10-05 12:25:33,347 [Worker-77: Building] INFO  o.e.m.c.i.embedder.EclipseLogger - skip non existing resourceDirectory D:\jsfjsp\jsfjsp\src\test\resources
2023-10-05 12:25:55,546 [Worker-80: Building] INFO  o.e.m.c.i.embedder.EclipseLogger - Using 'UTF-8' encoding to copy filtered resources.
2023-10-05 12:25:55,546 [Worker-80: Building] INFO  o.e.m.c.i.embedder.EclipseLogger - Copying 0 resource
2023-10-05 12:25:55,548 [Worker-80: Building] INFO  o.e.m.c.i.embedder.EclipseLogger - Using 'UTF-8' encoding to copy filtered resources.
2023-10-05 12:25:55,548 [Worker-80: Building] INFO  o.e.m.c.i.embedder.EclipseLogger - skip non existing resourceDirectory D:\jsfjsp\jsfjsp\src\test\resources
2023-10-05 12:26:47,175 [Worker-80: Building] INFO  o.e.m.c.i.embedder.EclipseLogger - Using 'UTF-8' encoding to copy filtered resources.
2023-10-05 12:26:47,175 [Worker-80: Building] INFO  o.e.m.c.i.embedder.EclipseLogger - Copying 0 resource
2023-10-05 12:26:47,176 [Worker-80: Building] INFO  o.e.m.c.i.embedder.EclipseLogger - Using 'UTF-8' encoding to copy filtered resources.
2023-10-05 12:26:47,176 [Worker-80: Building] INFO  o.e.m.c.i.embedder.EclipseLogger - skip non existing resourceDirectory D:\jsfjsp\jsfjsp\src\test\resources
2023-10-05 12:27:31,463 [Worker-82: Building] INFO  o.e.m.c.i.embedder.EclipseLogger - Using 'UTF-8' encoding to copy filtered resources.
2023-10-05 12:27:31,463 [Worker-82: Building] INFO  o.e.m.c.i.embedder.EclipseLogger - Copying 0 resource
2023-10-05 12:27:31,465 [Worker-82: Building] INFO  o.e.m.c.i.embedder.EclipseLogger - Using 'UTF-8' encoding to copy filtered resources.
2023-10-05 12:27:31,465 [Worker-82: Building] INFO  o.e.m.c.i.embedder.EclipseLogger - skip non existing resourceDirectory D:\jsfjsp\jsfjsp\src\test\resources
2023-10-05 12:28:08,859 [Worker-82: Building] INFO  o.e.m.c.i.embedder.EclipseLogger - Using 'UTF-8' encoding to copy filtered resources.
2023-10-05 12:28:08,860 [Worker-82: Building] INFO  o.e.m.c.i.embedder.EclipseLogger - Copying 0 resource
2023-10-05 12:28:08,861 [Worker-82: Building] INFO  o.e.m.c.i.embedder.EclipseLogger - Using 'UTF-8' encoding to copy filtered resources.
2023-10-05 12:28:08,862 [Worker-82: Building] INFO  o.e.m.c.i.embedder.EclipseLogger - skip non existing resourceDirectory D:\jsfjsp\jsfjsp\src\test\resources
2023-10-05 12:28:43,141 [Worker-80: Building] INFO  o.e.m.c.i.embedder.EclipseLogger - Using 'UTF-8' encoding to copy filtered resources.
2023-10-05 12:28:43,141 [Worker-80: Building] INFO  o.e.m.c.i.embedder.EclipseLogger - Copying 0 resource
2023-10-05 12:28:43,142 [Worker-80: Building] INFO  o.e.m.c.i.embedder.EclipseLogger - Using 'UTF-8' encoding to copy filtered resources.
2023-10-05 12:28:43,142 [Worker-80: Building] INFO  o.e.m.c.i.embedder.EclipseLogger - skip non existing resourceDirectory D:\jsfjsp\jsfjsp\src\test\resources
2023-10-05 12:29:07,462 [Worker-59: Building] INFO  o.e.m.c.i.embedder.EclipseLogger - Using 'UTF-8' encoding to copy filtered resources.
2023-10-05 12:29:07,462 [Worker-59: Building] INFO  o.e.m.c.i.embedder.EclipseLogger - Copying 0 resource
2023-10-05 12:29:07,463 [Worker-59: Building] INFO  o.e.m.c.i.embedder.EclipseLogger - Using 'UTF-8' encoding to copy filtered resources.
2023-10-05 12:29:07,464 [Worker-59: Building] INFO  o.e.m.c.i.embedder.EclipseLogger - skip non existing resourceDirectory D:\jsfjsp\jsfjsp\src\test\resources
2023-10-05 12:29:35,943 [Worker-77: Building] INFO  o.e.m.c.i.embedder.EclipseLogger - Using 'UTF-8' encoding to copy filtered resources.
2023-10-05 12:29:35,943 [Worker-77: Building] INFO  o.e.m.c.i.embedder.EclipseLogger - Copying 0 resource
2023-10-05 12:29:35,944 [Worker-77: Building] INFO  o.e.m.c.i.embedder.EclipseLogger - Using 'UTF-8' encoding to copy filtered resources.
2023-10-05 12:29:35,945 [Worker-77: Building] INFO  o.e.m.c.i.embedder.EclipseLogger - skip non existing resourceDirectory D:\jsfjsp\jsfjsp\src\test\resources
2023-10-05 12:29:53,561 [Worker-83: Building] INFO  o.e.m.c.i.embedder.EclipseLogger - Using 'UTF-8' encoding to copy filtered resources.
2023-10-05 12:29:53,562 [Worker-83: Building] INFO  o.e.m.c.i.embedder.EclipseLogger - Copying 0 resource
2023-10-05 12:29:53,563 [Worker-83: Building] INFO  o.e.m.c.i.embedder.EclipseLogger - Using 'UTF-8' encoding to copy filtered resources.
2023-10-05 12:29:53,563 [Worker-83: Building] INFO  o.e.m.c.i.embedder.EclipseLogger - skip non existing resourceDirectory D:\jsfjsp\jsfjsp\src\test\resources
2023-10-05 12:29:54,704 [Worker-81: Building] INFO  o.e.m.c.i.embedder.EclipseLogger - Using 'UTF-8' encoding to copy filtered resources.
2023-10-05 12:29:54,705 [Worker-81: Building] INFO  o.e.m.c.i.embedder.EclipseLogger - Copying 0 resource
2023-10-05 12:29:54,707 [Worker-81: Building] INFO  o.e.m.c.i.embedder.EclipseLogger - Using 'UTF-8' encoding to copy filtered resources.
2023-10-05 12:29:54,707 [Worker-81: Building] INFO  o.e.m.c.i.embedder.EclipseLogger - skip non existing resourceDirectory D:\jsfjsp\jsfjsp\src\test\resources
2023-10-05 12:31:22,592 [Worker-81: Building] INFO  o.e.m.c.i.embedder.EclipseLogger - Using 'UTF-8' encoding to copy filtered resources.
2023-10-05 12:31:22,592 [Worker-81: Building] INFO  o.e.m.c.i.embedder.EclipseLogger - Copying 0 resource
2023-10-05 12:31:22,594 [Worker-81: Building] INFO  o.e.m.c.i.embedder.EclipseLogger - Using 'UTF-8' encoding to copy filtered resources.
2023-10-05 12:31:22,594 [Worker-81: Building] INFO  o.e.m.c.i.embedder.EclipseLogger - skip non existing resourceDirectory D:\jsfjsp\jsfjsp\src\test\resources
2023-10-05 12:31:34,254 [Worker-59: Building] INFO  o.e.m.c.i.embedder.EclipseLogger - Using 'UTF-8' encoding to copy filtered resources.
2023-10-05 12:31:34,255 [Worker-59: Building] INFO  o.e.m.c.i.embedder.EclipseLogger - Copying 0 resource
2023-10-05 12:31:34,256 [Worker-59: Building] INFO  o.e.m.c.i.embedder.EclipseLogger - Using 'UTF-8' encoding to copy filtered resources.
2023-10-05 12:31:34,256 [Worker-59: Building] INFO  o.e.m.c.i.embedder.EclipseLogger - skip non existing resourceDirectory D:\jsfjsp\jsfjsp\src\test\resources
2023-10-05 12:33:25,680 [Worker-85: Building] INFO  o.e.m.c.i.embedder.EclipseLogger - Using 'UTF-8' encoding to copy filtered resources.
2023-10-05 12:33:25,680 [Worker-85: Building] INFO  o.e.m.c.i.embedder.EclipseLogger - Copying 0 resource
2023-10-05 12:33:25,682 [Worker-85: Building] INFO  o.e.m.c.i.embedder.EclipseLogger - Using 'UTF-8' encoding to copy filtered resources.
2023-10-05 12:33:25,682 [Worker-85: Building] INFO  o.e.m.c.i.embedder.EclipseLogger - skip non existing resourceDirectory D:\jsfjsp\jsfjsp\src\test\resources
2023-10-05 12:34:05,603 [Worker-83: Building] INFO  o.e.m.c.i.embedder.EclipseLogger - Using 'UTF-8' encoding to copy filtered resources.
2023-10-05 12:34:05,603 [Worker-83: Building] INFO  o.e.m.c.i.embedder.EclipseLogger - Copying 0 resource
2023-10-05 12:34:05,605 [Worker-83: Building] INFO  o.e.m.c.i.embedder.EclipseLogger - Using 'UTF-8' encoding to copy filtered resources.
2023-10-05 12:34:05,605 [Worker-83: Building] INFO  o.e.m.c.i.embedder.EclipseLogger - skip non existing resourceDirectory D:\jsfjsp\jsfjsp\src\test\resources
2023-10-05 12:35:30,335 [Worker-69: Building] INFO  o.e.m.c.i.embedder.EclipseLogger - Using 'UTF-8' encoding to copy filtered resources.
2023-10-05 12:35:30,335 [Worker-69: Building] INFO  o.e.m.c.i.embedder.EclipseLogger - Copying 0 resource
2023-10-05 12:35:30,337 [Worker-69: Building] INFO  o.e.m.c.i.embedder.EclipseLogger - Using 'UTF-8' encoding to copy filtered resources.
2023-10-05 12:35:30,337 [Worker-69: Building] INFO  o.e.m.c.i.embedder.EclipseLogger - skip non existing resourceDirectory D:\jsfjsp\jsfjsp\src\test\resources
2023-10-05 12:36:15,065 [Worker-82: Building] INFO  o.e.m.c.i.embedder.EclipseLogger - Using 'UTF-8' encoding to copy filtered resources.
2023-10-05 12:36:15,066 [Worker-82: Building] INFO  o.e.m.c.i.embedder.EclipseLogger - Copying 0 resource
2023-10-05 12:36:15,068 [Worker-82: Building] INFO  o.e.m.c.i.embedder.EclipseLogger - Using 'UTF-8' encoding to copy filtered resources.
2023-10-05 12:36:15,068 [Worker-82: Building] INFO  o.e.m.c.i.embedder.EclipseLogger - skip non existing resourceDirectory D:\jsfjsp\jsfjsp\src\test\resources
2023-10-05 12:36:24,942 [Worker-77: Building] INFO  o.e.m.c.i.embedder.EclipseLogger - Using 'UTF-8' encoding to copy filtered resources.
2023-10-05 12:36:24,942 [Worker-77: Building] INFO  o.e.m.c.i.embedder.EclipseLogger - Copying 0 resource
2023-10-05 12:36:24,943 [Worker-77: Building] INFO  o.e.m.c.i.embedder.EclipseLogger - Using 'UTF-8' encoding to copy filtered resources.
2023-10-05 12:36:24,943 [Worker-77: Building] INFO  o.e.m.c.i.embedder.EclipseLogger - skip non existing resourceDirectory D:\jsfjsp\jsfjsp\src\test\resources
2023-10-05 12:36:53,979 [Worker-69: Building] INFO  o.e.m.c.i.embedder.EclipseLogger - Using 'UTF-8' encoding to copy filtered resources.
2023-10-05 12:36:53,979 [Worker-69: Building] INFO  o.e.m.c.i.embedder.EclipseLogger - Copying 0 resource
2023-10-05 12:36:53,980 [Worker-69: Building] INFO  o.e.m.c.i.embedder.EclipseLogger - Using 'UTF-8' encoding to copy filtered resources.
2023-10-05 12:36:53,980 [Worker-69: Building] INFO  o.e.m.c.i.embedder.EclipseLogger - skip non existing resourceDirectory D:\jsfjsp\jsfjsp\src\test\resources
2023-10-05 12:37:11,049 [Worker-81: Building] INFO  o.e.m.c.i.embedder.EclipseLogger - Using 'UTF-8' encoding to copy filtered resources.
2023-10-05 12:37:11,050 [Worker-81: Building] INFO  o.e.m.c.i.embedder.EclipseLogger - Copying 0 resource
2023-10-05 12:37:11,051 [Worker-81: Building] INFO  o.e.m.c.i.embedder.EclipseLogger - Using 'UTF-8' encoding to copy filtered resources.
2023-10-05 12:37:11,051 [Worker-81: Building] INFO  o.e.m.c.i.embedder.EclipseLogger - skip non existing resourceDirectory D:\jsfjsp\jsfjsp\src\test\resources
2023-10-05 14:11:39,610 [Worker-91: Building] INFO  o.e.m.c.i.embedder.EclipseLogger - Using 'UTF-8' encoding to copy filtered resources.
2023-10-05 14:11:39,610 [Worker-91: Building] INFO  o.e.m.c.i.embedder.EclipseLogger - Copying 0 resource
2023-10-05 14:11:39,612 [Worker-91: Building] INFO  o.e.m.c.i.embedder.EclipseLogger - Using 'UTF-8' encoding to copy filtered resources.
2023-10-05 14:11:39,612 [Worker-91: Building] INFO  o.e.m.c.i.embedder.EclipseLogger - skip non existing resourceDirectory D:\jsfjsp\jsfjsp\src\test\resources
2023-10-05 14:35:24,818 [Worker-93: Building] INFO  o.e.m.c.i.l.LifecycleMappingFactory - Using org.maven.ide.eclipse.wtp.WarLifecycleMapping lifecycle mapping for MavenProject: inf:JsfHibJsp:0.0.1-SNAPSHOT @ C:\Users\pramitad\Downloads\Day28_2\Day28_2\JsfHibJsp\pom.xml.
2023-10-05 14:35:25,047 [Worker-93: Building] WARN  o.e.m.c.i.embedder.EclipseLogger - The artifact mysql:mysql-connector-java:jar:8.0.31 has been relocated to com.mysql:mysql-connector-j:jar:8.0.31: MySQL Connector/J artifacts moved to reverse-DNS compliant Maven 2+ coordinates.
2023-10-05 14:35:25,191 [Worker-93: Building] INFO  o.e.m.c.i.embedder.EclipseLogger - Using 'UTF-8' encoding to copy filtered resources.
2023-10-05 14:35:25,192 [Worker-93: Building] INFO  o.e.m.c.i.embedder.EclipseLogger - Copying 1 resource
2023-10-05 14:35:25,205 [Worker-93: Building] INFO  o.e.m.c.i.embedder.EclipseLogger - Using 'UTF-8' encoding to copy filtered resources.
2023-10-05 14:35:25,205 [Worker-93: Building] INFO  o.e.m.c.i.embedder.EclipseLogger - skip non existing resourceDirectory C:\Users\pramitad\Downloads\Day28_2\Day28_2\JsfHibJsp\src\test\resources
2023-10-05 14:35:25,269 [Worker-93: Building] WARN  o.e.m.c.i.embedder.EclipseLogger - The artifact mysql:mysql-connector-java:jar:8.0.31 has been relocated to com.mysql:mysql-connector-j:jar:8.0.31: MySQL Connector/J artifacts moved to reverse-DNS compliant Maven 2+ coordinates.
2023-10-05 14:35:26,439 [Worker-92: Download sources and javadoc] INFO  o.e.m.c.i.e.AbstractTransferListenerAdapter - Downloading https://repo.maven.apache.org/maven2/com/sun/facelets/jsf-facelets/1.1.14/jsf-facelets-1.1.14-sources.jar
2023-10-05 14:35:26,520 [Worker-92: Download sources and javadoc] INFO  o.e.m.c.i.e.AbstractTransferListenerAdapter - Downloaded https://repo.maven.apache.org/maven2/com/sun/facelets/jsf-facelets/1.1.14/jsf-facelets-1.1.14-sources.jar
2023-10-05 14:35:26,531 [Worker-92: Download sources and javadoc] INFO  o.e.m.j.internal.DownloadSourcesJob - Downloaded sources for com.sun.facelets:jsf-facelets:1.1.14
2023-10-05 14:35:26,611 [Worker-92: Download sources and javadoc] INFO  o.e.m.c.i.e.AbstractTransferListenerAdapter - Downloading https://repo.maven.apache.org/maven2/com/mysql/mysql-connector-j/8.0.31/mysql-connector-j-8.0.31-sources.jar
2023-10-05 14:35:26,821 [Worker-92: Download sources and javadoc] INFO  o.e.m.c.i.e.AbstractTransferListenerAdapter - Downloaded https://repo.maven.apache.org/maven2/com/mysql/mysql-connector-j/8.0.31/mysql-connector-j-8.0.31-sources.jar
2023-10-05 14:35:26,833 [Worker-92: Download sources and javadoc] INFO  o.e.m.j.internal.DownloadSourcesJob - Downloaded sources for com.mysql:mysql-connector-j:8.0.31
2023-10-05 14:35:27,193 [Worker-93: Building] INFO  o.e.m.c.i.embedder.EclipseLogger - Using 'UTF-8' encoding to copy filtered resources.
2023-10-05 14:35:27,193 [Worker-93: Building] INFO  o.e.m.c.i.embedder.EclipseLogger - Copying 1 resource
2023-10-05 14:35:27,195 [Worker-93: Building] INFO  o.e.m.c.i.embedder.EclipseLogger - Using 'UTF-8' encoding to copy filtered resources.
2023-10-05 14:35:27,195 [Worker-93: Building] INFO  o.e.m.c.i.embedder.EclipseLogger - skip non existing resourceDirectory C:\Users\pramitad\Downloads\Day28_2\Day28_2\JsfHibJsp\src\test\resources
2023-10-05 14:35:43,355 [Worker-98: Building] INFO  o.e.m.c.i.embedder.EclipseLogger - Using 'UTF-8' encoding to copy filtered resources.
2023-10-05 14:35:43,355 [Worker-98: Building] INFO  o.e.m.c.i.embedder.EclipseLogger - Copying 1 resource
2023-10-05 14:35:43,360 [Worker-98: Building] INFO  o.e.m.c.i.embedder.EclipseLogger - Using 'UTF-8' encoding to copy filtered resources.
2023-10-05 14:35:43,360 [Worker-98: Building] INFO  o.e.m.c.i.embedder.EclipseLogger - skip non existing resourceDirectory C:\Users\pramitad\Downloads\Day28_2\Day28_2\JsfHibJsp\src\test\resources
2023-10-06 06:30:39,350 [Worker-122: Building] INFO  o.e.m.c.i.embedder.EclipseLogger - Using 'UTF-8' encoding to copy filtered resources.
2023-10-06 06:30:39,352 [Worker-122: Building] INFO  o.e.m.c.i.embedder.EclipseLogger - Copying 0 resource
2023-10-06 06:30:39,353 [Worker-122: Building] INFO  o.e.m.c.i.embedder.EclipseLogger - Using 'UTF-8' encoding to copy filtered resources.
2023-10-06 06:30:39,353 [Worker-122: Building] INFO  o.e.m.c.i.embedder.EclipseLogger - skip non existing resourceDirectory C:\Users\pramitad\Downloads\Day28_2\Day28_2\JsfHibJsp\src\test\resources
2023-10-06 06:30:51,534 [Worker-122: Building] INFO  o.e.m.c.i.embedder.EclipseLogger - Using 'UTF-8' encoding to copy filtered resources.
2023-10-06 06:30:51,536 [Worker-122: Building] INFO  o.e.m.c.i.embedder.EclipseLogger - Copying 0 resource
2023-10-06 06:30:51,541 [Worker-122: Building] INFO  o.e.m.c.i.embedder.EclipseLogger - Using 'UTF-8' encoding to copy filtered resources.
2023-10-06 06:30:51,541 [Worker-122: Building] INFO  o.e.m.c.i.embedder.EclipseLogger - skip non existing resourceDirectory C:\Users\pramitad\Downloads\Day28_2\Day28_2\JsfHibJsp\src\test\resources
2023-10-06 10:09:05,867 [Worker-131: Launching mavenrun-ddc06000-db02-4d0c-91ae-988f97f15f65] INFO  o.e.m.i.launch.MavenLaunchDelegate - Run build in "C:\Users\pramitad\AppData\Local\Temp\m2e-archetypeGenerator5844174976022087807":
2023-10-06 10:09:05,869 [Worker-131: Launching mavenrun-ddc06000-db02-4d0c-91ae-988f97f15f65] INFO  o.e.m.i.launch.MavenLaunchDelegate -  mvn  -DarchetypeGroupId=org.glassfish.jersey.archetypes -DarchetypeArtifactId=jersey-quickstart-webapp -DarchetypeVersion=3.1.3 -DgroupId=infinite -DartifactId=ligin -Dversion=0.0.1-SNAPSHOT -Dpackage=com.java.login -DoutputDirectory=D:\jsfjsp -Dstyle.color=always -U archetype:generate
2023-10-06 10:09:27,095 [Worker-128: Creating jersey-quickstart-webapp] INFO  o.e.m.c.i.p.ProjectConfigurationManager - Collecting project info '/pom.xml' D:\jsfjsp\ligin\pom.xml
2023-10-06 10:09:27,646 [Worker-128: Creating jersey-quickstart-webapp] INFO  o.e.m.c.i.l.LifecycleMappingFactory - Using org.maven.ide.eclipse.wtp.WarLifecycleMapping lifecycle mapping for MavenProject: infinite:ligin:0.0.1-SNAPSHOT @ D:\jsfjsp\ligin\pom.xml.
2023-10-06 10:09:28,250 [Worker-128: Creating jersey-quickstart-webapp] INFO  o.e.m.j.i.AbstractJavaProjectConfigurator - Adding source folder /ligin/src/main/java
2023-10-06 10:09:28,250 [Worker-128: Creating jersey-quickstart-webapp] INFO  o.e.m.j.i.AbstractJavaProjectConfigurator - Adding resource folder /ligin/src/main/resources
2023-10-06 10:09:28,262 [Worker-128: Creating jersey-quickstart-webapp] INFO  o.e.m.j.i.AbstractJavaProjectConfigurator - Adding source folder /ligin/src/test/java
2023-10-06 10:09:31,495 [Worker-128: Creating jersey-quickstart-webapp] INFO  o.e.m.c.i.embedder.EclipseLogger - Using 'UTF-8' encoding to copy filtered resources.
2023-10-06 10:09:31,497 [Worker-128: Creating jersey-quickstart-webapp] INFO  o.e.m.c.i.embedder.EclipseLogger - Copying 0 resource
2023-10-06 10:09:31,503 [Worker-128: Creating jersey-quickstart-webapp] INFO  o.e.m.c.i.embedder.EclipseLogger - Using 'UTF-8' encoding to copy filtered resources.
2023-10-06 10:09:31,504 [Worker-128: Creating jersey-quickstart-webapp] INFO  o.e.m.c.i.embedder.EclipseLogger - skip non existing resourceDirectory D:\jsfjsp\ligin\src\test\resources
2023-10-06 10:09:32,409 [Worker-128: Creating jersey-quickstart-webapp] INFO  o.e.m.c.i.p.ProjectConfigurationManager - Imported and configured 1 project(s) in 5 sec
2023-10-06 10:09:32,668 [Worker-128: Building] INFO  o.e.m.c.i.embedder.EclipseLogger - Using 'UTF-8' encoding to copy filtered resources.
2023-10-06 10:09:32,668 [Worker-128: Building] INFO  o.e.m.c.i.embedder.EclipseLogger - Copying 0 resource
2023-10-06 10:09:32,669 [Worker-128: Building] INFO  o.e.m.c.i.embedder.EclipseLogger - Using 'UTF-8' encoding to copy filtered resources.
2023-10-06 10:09:32,669 [Worker-128: Building] INFO  o.e.m.c.i.embedder.EclipseLogger - skip non existing resourceDirectory D:\jsfjsp\ligin\src\test\resources
2023-10-06 10:09:46,173 [Worker-133: Building] INFO  o.e.m.c.i.embedder.EclipseLogger - Using 'UTF-8' encoding to copy filtered resources.
2023-10-06 10:09:46,173 [Worker-133: Building] INFO  o.e.m.c.i.embedder.EclipseLogger - Copying 0 resource
2023-10-06 10:09:46,176 [Worker-133: Building] INFO  o.e.m.c.i.embedder.EclipseLogger - Using 'UTF-8' encoding to copy filtered resources.
2023-10-06 10:09:46,176 [Worker-133: Building] INFO  o.e.m.c.i.embedder.EclipseLogger - skip non existing resourceDirectory D:\jsfjsp\ligin\src\test\resources
2023-10-06 10:10:13,752 [Worker-132: Building] INFO  o.e.m.c.i.l.LifecycleMappingFactory - Using org.maven.ide.eclipse.wtp.WarLifecycleMapping lifecycle mapping for MavenProject: infinite:ligin:0.0.1-SNAPSHOT @ D:\jsfjsp\ligin\pom.xml.
2023-10-06 10:10:13,825 [Worker-132: Building] INFO  o.e.m.c.i.embedder.EclipseLogger - Using 'UTF-8' encoding to copy filtered resources.
2023-10-06 10:10:13,825 [Worker-132: Building] INFO  o.e.m.c.i.embedder.EclipseLogger - Copying 0 resource
2023-10-06 10:10:13,827 [Worker-132: Building] INFO  o.e.m.c.i.embedder.EclipseLogger - Using 'UTF-8' encoding to copy filtered resources.
2023-10-06 10:10:13,827 [Worker-132: Building] INFO  o.e.m.c.i.embedder.EclipseLogger - skip non existing resourceDirectory D:\jsfjsp\ligin\src\test\resources
2023-10-06 10:10:13,827 [Worker-132: Building] INFO  o.e.m.w.i.f.ResourceFilteringBuildParticipant - Changed resources require a complete clean of filtered resources of ligin
2023-10-06 10:10:13,827 [Worker-132: Building] INFO  o.e.m.w.i.f.ResourceFilteringBuildParticipant - Executing resource filtering for ligin
2023-10-06 10:10:36,087 [Worker-134: Building] INFO  o.e.m.c.i.embedder.EclipseLogger - Using 'UTF-8' encoding to copy filtered resources.
2023-10-06 10:10:36,088 [Worker-134: Building] INFO  o.e.m.c.i.embedder.EclipseLogger - Copying 0 resource
2023-10-06 10:10:36,090 [Worker-134: Building] INFO  o.e.m.c.i.embedder.EclipseLogger - Using 'UTF-8' encoding to copy filtered resources.
2023-10-06 10:10:36,090 [Worker-134: Building] INFO  o.e.m.c.i.embedder.EclipseLogger - skip non existing resourceDirectory D:\jsfjsp\ligin\src\test\resources
2023-10-06 10:10:56,788 [Worker-133: Building] INFO  o.e.m.c.i.embedder.EclipseLogger - Using 'UTF-8' encoding to copy filtered resources.
2023-10-06 10:10:56,788 [Worker-133: Building] INFO  o.e.m.c.i.embedder.EclipseLogger - Copying 0 resource
2023-10-06 10:10:56,791 [Worker-133: Building] INFO  o.e.m.c.i.embedder.EclipseLogger - Using 'UTF-8' encoding to copy filtered resources.
2023-10-06 10:10:56,791 [Worker-133: Building] INFO  o.e.m.c.i.embedder.EclipseLogger - skip non existing resourceDirectory D:\jsfjsp\ligin\src\test\resources
2023-10-06 10:11:14,751 [Worker-134: Building] INFO  o.e.m.c.i.embedder.EclipseLogger - Using 'UTF-8' encoding to copy filtered resources.
2023-10-06 10:11:14,752 [Worker-134: Building] INFO  o.e.m.c.i.embedder.EclipseLogger - Copying 0 resource
2023-10-06 10:11:14,753 [Worker-134: Building] INFO  o.e.m.c.i.embedder.EclipseLogger - Using 'UTF-8' encoding to copy filtered resources.
2023-10-06 10:11:14,754 [Worker-134: Building] INFO  o.e.m.c.i.embedder.EclipseLogger - skip non existing resourceDirectory D:\jsfjsp\ligin\src\test\resources
2023-10-06 10:12:25,943 [main] INFO  org.hibernate.cfg.Environment - Hibernate 3.5.6-Final
2023-10-06 10:12:25,954 [main] INFO  org.hibernate.cfg.Environment - hibernate.properties not found
2023-10-06 10:12:25,957 [main] INFO  org.hibernate.cfg.Environment - Bytecode provider name : javassist
2023-10-06 10:12:25,967 [main] INFO  org.hibernate.cfg.Environment - using JDK 1.4 java.sql.Timestamp handling
2023-10-06 10:13:41,350 [Worker-130: Building] INFO  o.e.m.c.i.embedder.EclipseLogger - Using 'UTF-8' encoding to copy filtered resources.
2023-10-06 10:13:41,350 [Worker-130: Building] INFO  o.e.m.c.i.embedder.EclipseLogger - Copying 1 resource
2023-10-06 10:13:41,353 [Worker-130: Building] INFO  o.e.m.c.i.embedder.EclipseLogger - Using 'UTF-8' encoding to copy filtered resources.
2023-10-06 10:13:41,353 [Worker-130: Building] INFO  o.e.m.c.i.embedder.EclipseLogger - skip non existing resourceDirectory D:\jsfjsp\ligin\src\test\resources
2023-10-06 10:14:35,866 [Worker-136: Building] INFO  o.e.m.c.i.embedder.EclipseLogger - Using 'UTF-8' encoding to copy filtered resources.
2023-10-06 10:14:35,866 [Worker-136: Building] INFO  o.e.m.c.i.embedder.EclipseLogger - Copying 1 resource
2023-10-06 10:14:35,868 [Worker-136: Building] INFO  o.e.m.c.i.embedder.EclipseLogger - Using 'UTF-8' encoding to copy filtered resources.
2023-10-06 10:14:35,868 [Worker-136: Building] INFO  o.e.m.c.i.embedder.EclipseLogger - skip non existing resourceDirectory D:\jsfjsp\ligin\src\test\resources
2023-10-06 10:15:03,784 [Worker-137: Building] INFO  o.e.m.c.i.embedder.EclipseLogger - Using 'UTF-8' encoding to copy filtered resources.
2023-10-06 10:15:03,784 [Worker-137: Building] INFO  o.e.m.c.i.embedder.EclipseLogger - Copying 0 resource
2023-10-06 10:15:03,788 [Worker-137: Building] INFO  o.e.m.c.i.embedder.EclipseLogger - Using 'UTF-8' encoding to copy filtered resources.
2023-10-06 10:15:03,788 [Worker-137: Building] INFO  o.e.m.c.i.embedder.EclipseLogger - skip non existing resourceDirectory D:\jsfjsp\ligin\src\test\resources
2023-10-06 10:16:23,024 [Worker-138: Building] INFO  o.e.m.c.i.embedder.EclipseLogger - Using 'UTF-8' encoding to copy filtered resources.
2023-10-06 10:16:23,024 [Worker-138: Building] INFO  o.e.m.c.i.embedder.EclipseLogger - Copying 1 resource
2023-10-06 10:16:23,026 [Worker-138: Building] INFO  o.e.m.c.i.embedder.EclipseLogger - Using 'UTF-8' encoding to copy filtered resources.
2023-10-06 10:16:23,026 [Worker-138: Building] INFO  o.e.m.c.i.embedder.EclipseLogger - skip non existing resourceDirectory D:\jsfjsp\ligin\src\test\resources
2023-10-06 10:16:38,057 [Worker-137: Building] INFO  o.e.m.c.i.embedder.EclipseLogger - Using 'UTF-8' encoding to copy filtered resources.
2023-10-06 10:16:38,058 [Worker-137: Building] INFO  o.e.m.c.i.embedder.EclipseLogger - Copying 0 resource
2023-10-06 10:16:38,060 [Worker-137: Building] INFO  o.e.m.c.i.embedder.EclipseLogger - Using 'UTF-8' encoding to copy filtered resources.
2023-10-06 10:16:38,060 [Worker-137: Building] INFO  o.e.m.c.i.embedder.EclipseLogger - skip non existing resourceDirectory D:\jsfjsp\ligin\src\test\resources
2023-10-06 10:17:38,875 [Worker-139: Building] INFO  o.e.m.c.i.embedder.EclipseLogger - Using 'UTF-8' encoding to copy filtered resources.
2023-10-06 10:17:38,875 [Worker-139: Building] INFO  o.e.m.c.i.embedder.EclipseLogger - Copying 1 resource
2023-10-06 10:17:38,878 [Worker-139: Building] INFO  o.e.m.c.i.embedder.EclipseLogger - Using 'UTF-8' encoding to copy filtered resources.
2023-10-06 10:17:38,878 [Worker-139: Building] INFO  o.e.m.c.i.embedder.EclipseLogger - skip non existing resourceDirectory D:\jsfjsp\ligin\src\test\resources
2023-10-06 10:41:26,172 [Worker-142: Building] INFO  o.e.m.c.i.embedder.EclipseLogger - Using 'UTF-8' encoding to copy filtered resources.
2023-10-06 10:41:26,173 [Worker-142: Building] INFO  o.e.m.c.i.embedder.EclipseLogger - Copying 1 resource
2023-10-06 10:41:26,176 [Worker-142: Building] INFO  o.e.m.c.i.embedder.EclipseLogger - Using 'UTF-8' encoding to copy filtered resources.
2023-10-06 10:41:26,176 [Worker-142: Building] INFO  o.e.m.c.i.embedder.EclipseLogger - skip non existing resourceDirectory C:\Users\pramitad\Downloads\Day28_2\Day28_2\JsfHibJsp\src\test\resources
2023-10-06 10:41:26,176 [Worker-142: Building] INFO  o.e.m.w.i.f.ResourceFilteringBuildParticipant - Changed resources require a complete clean of filtered resources of JsfHibJsp
2023-10-06 10:41:26,177 [Worker-142: Building] INFO  o.e.m.w.i.f.ResourceFilteringBuildParticipant - Executing resource filtering for JsfHibJsp
2023-10-06 10:41:29,292 [Worker-144: Building] INFO  o.e.m.c.i.embedder.EclipseLogger - Using 'UTF-8' encoding to copy filtered resources.
2023-10-06 10:41:29,293 [Worker-144: Building] INFO  o.e.m.c.i.embedder.EclipseLogger - Copying 1 resource
2023-10-06 10:41:29,296 [Worker-144: Building] INFO  o.e.m.c.i.embedder.EclipseLogger - Using 'UTF-8' encoding to copy filtered resources.
2023-10-06 10:41:29,296 [Worker-144: Building] INFO  o.e.m.c.i.embedder.EclipseLogger - skip non existing resourceDirectory C:\Users\pramitad\Downloads\Day28_2\Day28_2\JsfHibJsp\src\test\resources
2023-10-06 10:48:20,981 [Worker-150: Building] INFO  o.e.m.c.i.l.LifecycleMappingFactory - Using org.maven.ide.eclipse.wtp.WarLifecycleMapping lifecycle mapping for MavenProject: inf:JsfDemos:0.0.1-SNAPSHOT @ C:\Users\pramitad\Downloads\Day28_2\Day28_2\JsfDemos\pom.xml.
2023-10-06 10:48:21,564 [Worker-150: Building] INFO  o.e.m.c.i.embedder.EclipseLogger - Using 'UTF-8' encoding to copy filtered resources.
2023-10-06 10:48:21,564 [Worker-150: Building] INFO  o.e.m.c.i.embedder.EclipseLogger - Copying 0 resource
2023-10-06 10:48:21,566 [Worker-150: Building] INFO  o.e.m.c.i.embedder.EclipseLogger - Using 'UTF-8' encoding to copy filtered resources.
2023-10-06 10:48:21,566 [Worker-150: Building] INFO  o.e.m.c.i.embedder.EclipseLogger - skip non existing resourceDirectory C:\Users\pramitad\Downloads\Day28_2\Day28_2\JsfDemos\src\test\resources
2023-10-06 10:48:22,213 [Worker-150: Building] INFO  o.e.m.c.i.embedder.EclipseLogger - Using 'UTF-8' encoding to copy filtered resources.
2023-10-06 10:48:22,213 [Worker-150: Building] INFO  o.e.m.c.i.embedder.EclipseLogger - Copying 0 resource
2023-10-06 10:48:22,215 [Worker-150: Building] INFO  o.e.m.c.i.embedder.EclipseLogger - Using 'UTF-8' encoding to copy filtered resources.
2023-10-06 10:48:22,215 [Worker-150: Building] INFO  o.e.m.c.i.embedder.EclipseLogger - skip non existing resourceDirectory C:\Users\pramitad\Downloads\Day28_2\Day28_2\JsfDemos\src\test\resources
2023-10-06 15:19:13,411 [Worker-163: Building] INFO  o.e.m.c.i.embedder.EclipseLogger - Using 'UTF-8' encoding to copy filtered resources.
2023-10-06 15:19:13,413 [Worker-163: Building] INFO  o.e.m.c.i.embedder.EclipseLogger - Copying 0 resource
2023-10-06 15:19:13,415 [Worker-163: Building] INFO  o.e.m.c.i.embedder.EclipseLogger - Using 'UTF-8' encoding to copy filtered resources.
2023-10-06 15:19:13,415 [Worker-163: Building] INFO  o.e.m.c.i.embedder.EclipseLogger - skip non existing resourceDirectory C:\Users\pramitad\Downloads\Day28_2\Day28_2\JsfHibJsp\src\test\resources
