2023-10-05 14:19:13,700 [Worker-1: Loading available Gradle versions] INFO  o.e.b.c.i.u.g.PublishedGradleVersions - Gradle version information cache is up-to-date. Trying to read.
2023-10-05 14:32:44,399 [Worker-29: Launching mavenrun-c93c2409-14e8-403d-8ac5-9079c332ea75] INFO  o.eclipse.m2e.core.internal.Bundles - getClasspathEntries(Bundle=org.eclipse.m2e.maven.runtime_3.8.701.20230209-1606 [610])
2023-10-05 14:32:44,533 [Worker-29: Launching mavenrun-c93c2409-14e8-403d-8ac5-9079c332ea75] INFO  o.eclipse.m2e.core.internal.Bundles - 	Entry: C:\Users\pramitad\Downloads\eclipse-jee-2023-03-R-win32-x86_64 (1)\eclipse\plugins\org.eclipse.m2e.maven.runtime_3.8.701.20230209-1606
2023-10-05 14:32:44,533 [Worker-29: Launching mavenrun-c93c2409-14e8-403d-8ac5-9079c332ea75] INFO  o.eclipse.m2e.core.internal.Bundles - 	Entry: C:\Users\pramitad\Downloads\eclipse-jee-2023-03-R-win32-x86_64 (1)\eclipse\plugins\org.eclipse.m2e.maven.runtime_3.8.701.20230209-1606\jars\aether-connector-okhttp-0.17.8.jar
2023-10-05 14:32:44,534 [Worker-29: Launching mavenrun-c93c2409-14e8-403d-8ac5-9079c332ea75] INFO  o.eclipse.m2e.core.internal.Bundles - 	Entry: C:\Users\pramitad\Downloads\eclipse-jee-2023-03-R-win32-x86_64 (1)\eclipse\plugins\org.eclipse.m2e.maven.runtime_3.8.701.20230209-1606\jars\commons-lang3-3.8.1.jar
2023-10-05 14:32:44,534 [Worker-29: Launching mavenrun-c93c2409-14e8-403d-8ac5-9079c332ea75] INFO  o.eclipse.m2e.core.internal.Bundles - 	Entry: C:\Users\pramitad\Downloads\eclipse-jee-2023-03-R-win32-x86_64 (1)\eclipse\plugins\org.eclipse.m2e.maven.runtime_3.8.701.20230209-1606\jars\guice-4.2.2-no_aop.jar
2023-10-05 14:32:44,534 [Worker-29: Launching mavenrun-c93c2409-14e8-403d-8ac5-9079c332ea75] INFO  o.eclipse.m2e.core.internal.Bundles - 	Entry: C:\Users\pramitad\Downloads\eclipse-jee-2023-03-R-win32-x86_64 (1)\eclipse\plugins\org.eclipse.m2e.maven.runtime_3.8.701.20230209-1606\jars\jansi-2.4.0.jar
2023-10-05 14:32:44,534 [Worker-29: Launching mavenrun-c93c2409-14e8-403d-8ac5-9079c332ea75] INFO  o.eclipse.m2e.core.internal.Bundles - 	Entry: C:\Users\pramitad\Downloads\eclipse-jee-2023-03-R-win32-x86_64 (1)\eclipse\plugins\org.eclipse.m2e.maven.runtime_3.8.701.20230209-1606\jars\maven-artifact-3.8.7.jar
2023-10-05 14:32:44,534 [Worker-29: Launching mavenrun-c93c2409-14e8-403d-8ac5-9079c332ea75] INFO  o.eclipse.m2e.core.internal.Bundles - 	Entry: C:\Users\pramitad\Downloads\eclipse-jee-2023-03-R-win32-x86_64 (1)\eclipse\plugins\org.eclipse.m2e.maven.runtime_3.8.701.20230209-1606\jars\maven-builder-support-3.8.7.jar
2023-10-05 14:32:44,534 [Worker-29: Launching mavenrun-c93c2409-14e8-403d-8ac5-9079c332ea75] INFO  o.eclipse.m2e.core.internal.Bundles - 	Entry: C:\Users\pramitad\Downloads\eclipse-jee-2023-03-R-win32-x86_64 (1)\eclipse\plugins\org.eclipse.m2e.maven.runtime_3.8.701.20230209-1606\jars\maven-compat-3.8.7.jar
2023-10-05 14:32:44,534 [Worker-29: Launching mavenrun-c93c2409-14e8-403d-8ac5-9079c332ea75] INFO  o.eclipse.m2e.core.internal.Bundles - 	Entry: C:\Users\pramitad\Downloads\eclipse-jee-2023-03-R-win32-x86_64 (1)\eclipse\plugins\org.eclipse.m2e.maven.runtime_3.8.701.20230209-1606\jars\maven-core-3.8.7.jar
2023-10-05 14:32:44,534 [Worker-29: Launching mavenrun-c93c2409-14e8-403d-8ac5-9079c332ea75] INFO  o.eclipse.m2e.core.internal.Bundles - 	Entry: C:\Users\pramitad\Downloads\eclipse-jee-2023-03-R-win32-x86_64 (1)\eclipse\plugins\org.eclipse.m2e.maven.runtime_3.8.701.20230209-1606\jars\maven-embedder-3.8.7.jar
2023-10-05 14:32:44,534 [Worker-29: Launching mavenrun-c93c2409-14e8-403d-8ac5-9079c332ea75] INFO  o.eclipse.m2e.core.internal.Bundles - 	Entry: C:\Users\pramitad\Downloads\eclipse-jee-2023-03-R-win32-x86_64 (1)\eclipse\plugins\org.eclipse.m2e.maven.runtime_3.8.701.20230209-1606\jars\maven-model-3.8.7.jar
2023-10-05 14:32:44,535 [Worker-29: Launching mavenrun-c93c2409-14e8-403d-8ac5-9079c332ea75] INFO  o.eclipse.m2e.core.internal.Bundles - 	Entry: C:\Users\pramitad\Downloads\eclipse-jee-2023-03-R-win32-x86_64 (1)\eclipse\plugins\org.eclipse.m2e.maven.runtime_3.8.701.20230209-1606\jars\maven-model-builder-3.8.7.jar
2023-10-05 14:32:44,535 [Worker-29: Launching mavenrun-c93c2409-14e8-403d-8ac5-9079c332ea75] INFO  o.eclipse.m2e.core.internal.Bundles - 	Entry: C:\Users\pramitad\Downloads\eclipse-jee-2023-03-R-win32-x86_64 (1)\eclipse\plugins\org.eclipse.m2e.maven.runtime_3.8.701.20230209-1606\jars\maven-plugin-api-3.8.7.jar
2023-10-05 14:32:44,535 [Worker-29: Launching mavenrun-c93c2409-14e8-403d-8ac5-9079c332ea75] INFO  o.eclipse.m2e.core.internal.Bundles - 	Entry: C:\Users\pramitad\Downloads\eclipse-jee-2023-03-R-win32-x86_64 (1)\eclipse\plugins\org.eclipse.m2e.maven.runtime_3.8.701.20230209-1606\jars\maven-repository-metadata-3.8.7.jar
2023-10-05 14:32:44,535 [Worker-29: Launching mavenrun-c93c2409-14e8-403d-8ac5-9079c332ea75] INFO  o.eclipse.m2e.core.internal.Bundles - 	Entry: C:\Users\pramitad\Downloads\eclipse-jee-2023-03-R-win32-x86_64 (1)\eclipse\plugins\org.eclipse.m2e.maven.runtime_3.8.701.20230209-1606\jars\maven-resolver-api-1.6.3.jar
2023-10-05 14:32:44,535 [Worker-29: Launching mavenrun-c93c2409-14e8-403d-8ac5-9079c332ea75] INFO  o.eclipse.m2e.core.internal.Bundles - 	Entry: C:\Users\pramitad\Downloads\eclipse-jee-2023-03-R-win32-x86_64 (1)\eclipse\plugins\org.eclipse.m2e.maven.runtime_3.8.701.20230209-1606\jars\maven-resolver-connector-basic-1.6.3.jar
2023-10-05 14:32:44,536 [Worker-29: Launching mavenrun-c93c2409-14e8-403d-8ac5-9079c332ea75] INFO  o.eclipse.m2e.core.internal.Bundles - 	Entry: C:\Users\pramitad\Downloads\eclipse-jee-2023-03-R-win32-x86_64 (1)\eclipse\plugins\org.eclipse.m2e.maven.runtime_3.8.701.20230209-1606\jars\maven-resolver-impl-1.6.3.jar
2023-10-05 14:32:44,536 [Worker-29: Launching mavenrun-c93c2409-14e8-403d-8ac5-9079c332ea75] INFO  o.eclipse.m2e.core.internal.Bundles - 	Entry: C:\Users\pramitad\Downloads\eclipse-jee-2023-03-R-win32-x86_64 (1)\eclipse\plugins\org.eclipse.m2e.maven.runtime_3.8.701.20230209-1606\jars\maven-resolver-provider-3.8.7.jar
2023-10-05 14:32:44,536 [Worker-29: Launching mavenrun-c93c2409-14e8-403d-8ac5-9079c332ea75] INFO  o.eclipse.m2e.core.internal.Bundles - 	Entry: C:\Users\pramitad\Downloads\eclipse-jee-2023-03-R-win32-x86_64 (1)\eclipse\plugins\org.eclipse.m2e.maven.runtime_3.8.701.20230209-1606\jars\maven-resolver-spi-1.6.3.jar
2023-10-05 14:32:44,536 [Worker-29: Launching mavenrun-c93c2409-14e8-403d-8ac5-9079c332ea75] INFO  o.eclipse.m2e.core.internal.Bundles - 	Entry: C:\Users\pramitad\Downloads\eclipse-jee-2023-03-R-win32-x86_64 (1)\eclipse\plugins\org.eclipse.m2e.maven.runtime_3.8.701.20230209-1606\jars\maven-resolver-transport-wagon-1.6.3.jar
2023-10-05 14:32:44,536 [Worker-29: Launching mavenrun-c93c2409-14e8-403d-8ac5-9079c332ea75] INFO  o.eclipse.m2e.core.internal.Bundles - 	Entry: C:\Users\pramitad\Downloads\eclipse-jee-2023-03-R-win32-x86_64 (1)\eclipse\plugins\org.eclipse.m2e.maven.runtime_3.8.701.20230209-1606\jars\maven-resolver-util-1.6.3.jar
2023-10-05 14:32:44,536 [Worker-29: Launching mavenrun-c93c2409-14e8-403d-8ac5-9079c332ea75] INFO  o.eclipse.m2e.core.internal.Bundles - 	Entry: C:\Users\pramitad\Downloads\eclipse-jee-2023-03-R-win32-x86_64 (1)\eclipse\plugins\org.eclipse.m2e.maven.runtime_3.8.701.20230209-1606\jars\maven-settings-3.8.7.jar
2023-10-05 14:32:44,537 [Worker-29: Launching mavenrun-c93c2409-14e8-403d-8ac5-9079c332ea75] INFO  o.eclipse.m2e.core.internal.Bundles - 	Entry: C:\Users\pramitad\Downloads\eclipse-jee-2023-03-R-win32-x86_64 (1)\eclipse\plugins\org.eclipse.m2e.maven.runtime_3.8.701.20230209-1606\jars\maven-settings-builder-3.8.7.jar
2023-10-05 14:32:44,537 [Worker-29: Launching mavenrun-c93c2409-14e8-403d-8ac5-9079c332ea75] INFO  o.eclipse.m2e.core.internal.Bundles - 	Entry: C:\Users\pramitad\Downloads\eclipse-jee-2023-03-R-win32-x86_64 (1)\eclipse\plugins\org.eclipse.m2e.maven.runtime_3.8.701.20230209-1606\jars\maven-shared-utils-3.3.4.jar
2023-10-05 14:32:44,537 [Worker-29: Launching mavenrun-c93c2409-14e8-403d-8ac5-9079c332ea75] INFO  o.eclipse.m2e.core.internal.Bundles - 	Entry: C:\Users\pramitad\Downloads\eclipse-jee-2023-03-R-win32-x86_64 (1)\eclipse\plugins\org.eclipse.m2e.maven.runtime_3.8.701.20230209-1606\jars\okhttp-3.14.1.jar
2023-10-05 14:32:44,537 [Worker-29: Launching mavenrun-c93c2409-14e8-403d-8ac5-9079c332ea75] INFO  o.eclipse.m2e.core.internal.Bundles - 	Entry: C:\Users\pramitad\Downloads\eclipse-jee-2023-03-R-win32-x86_64 (1)\eclipse\plugins\org.eclipse.m2e.maven.runtime_3.8.701.20230209-1606\jars\okio-1.17.3.jar
2023-10-05 14:32:44,537 [Worker-29: Launching mavenrun-c93c2409-14e8-403d-8ac5-9079c332ea75] INFO  o.eclipse.m2e.core.internal.Bundles - 	Entry: C:\Users\pramitad\Downloads\eclipse-jee-2023-03-R-win32-x86_64 (1)\eclipse\plugins\org.eclipse.m2e.maven.runtime_3.8.701.20230209-1606\jars\org.eclipse.sisu.inject-0.3.5.jar
2023-10-05 14:32:44,537 [Worker-29: Launching mavenrun-c93c2409-14e8-403d-8ac5-9079c332ea75] INFO  o.eclipse.m2e.core.internal.Bundles - 	Entry: C:\Users\pramitad\Downloads\eclipse-jee-2023-03-R-win32-x86_64 (1)\eclipse\plugins\org.eclipse.m2e.maven.runtime_3.8.701.20230209-1606\jars\org.eclipse.sisu.plexus-0.3.5.jar
2023-10-05 14:32:44,538 [Worker-29: Launching mavenrun-c93c2409-14e8-403d-8ac5-9079c332ea75] INFO  o.eclipse.m2e.core.internal.Bundles - 	Entry: C:\Users\pramitad\Downloads\eclipse-jee-2023-03-R-win32-x86_64 (1)\eclipse\plugins\org.eclipse.m2e.maven.runtime_3.8.701.20230209-1606\jars\plexus-build-api-0.0.7.jar
2023-10-05 14:32:44,538 [Worker-29: Launching mavenrun-c93c2409-14e8-403d-8ac5-9079c332ea75] INFO  o.eclipse.m2e.core.internal.Bundles - 	Entry: C:\Users\pramitad\Downloads\eclipse-jee-2023-03-R-win32-x86_64 (1)\eclipse\plugins\org.eclipse.m2e.maven.runtime_3.8.701.20230209-1606\jars\plexus-cipher-2.0.jar
2023-10-05 14:32:44,538 [Worker-29: Launching mavenrun-c93c2409-14e8-403d-8ac5-9079c332ea75] INFO  o.eclipse.m2e.core.internal.Bundles - 	Entry: C:\Users\pramitad\Downloads\eclipse-jee-2023-03-R-win32-x86_64 (1)\eclipse\plugins\org.eclipse.m2e.maven.runtime_3.8.701.20230209-1606\jars\plexus-classworlds-2.6.0.jar
2023-10-05 14:32:44,538 [Worker-29: Launching mavenrun-c93c2409-14e8-403d-8ac5-9079c332ea75] INFO  o.eclipse.m2e.core.internal.Bundles - 	Entry: C:\Users\pramitad\Downloads\eclipse-jee-2023-03-R-win32-x86_64 (1)\eclipse\plugins\org.eclipse.m2e.maven.runtime_3.8.701.20230209-1606\jars\plexus-component-annotations-2.1.0.jar
2023-10-05 14:32:44,538 [Worker-29: Launching mavenrun-c93c2409-14e8-403d-8ac5-9079c332ea75] INFO  o.eclipse.m2e.core.internal.Bundles - 	Entry: C:\Users\pramitad\Downloads\eclipse-jee-2023-03-R-win32-x86_64 (1)\eclipse\plugins\org.eclipse.m2e.maven.runtime_3.8.701.20230209-1606\jars\plexus-interpolation-1.26.jar
2023-10-05 14:32:44,538 [Worker-29: Launching mavenrun-c93c2409-14e8-403d-8ac5-9079c332ea75] INFO  o.eclipse.m2e.core.internal.Bundles - 	Entry: C:\Users\pramitad\Downloads\eclipse-jee-2023-03-R-win32-x86_64 (1)\eclipse\plugins\org.eclipse.m2e.maven.runtime_3.8.701.20230209-1606\jars\plexus-sec-dispatcher-2.0.jar
2023-10-05 14:32:44,539 [Worker-29: Launching mavenrun-c93c2409-14e8-403d-8ac5-9079c332ea75] INFO  o.eclipse.m2e.core.internal.Bundles - 	Entry: C:\Users\pramitad\Downloads\eclipse-jee-2023-03-R-win32-x86_64 (1)\eclipse\plugins\org.eclipse.m2e.maven.runtime_3.8.701.20230209-1606\jars\plexus-utils-3.3.1.jar
2023-10-05 14:32:44,539 [Worker-29: Launching mavenrun-c93c2409-14e8-403d-8ac5-9079c332ea75] INFO  o.eclipse.m2e.core.internal.Bundles - 	Entry: C:\Users\pramitad\Downloads\eclipse-jee-2023-03-R-win32-x86_64 (1)\eclipse\plugins\org.eclipse.m2e.maven.runtime_3.8.701.20230209-1606\jars\wagon-file-3.5.3.jar
2023-10-05 14:32:44,539 [Worker-29: Launching mavenrun-c93c2409-14e8-403d-8ac5-9079c332ea75] INFO  o.eclipse.m2e.core.internal.Bundles - 	Entry: C:\Users\pramitad\Downloads\eclipse-jee-2023-03-R-win32-x86_64 (1)\eclipse\plugins\org.eclipse.m2e.maven.runtime_3.8.701.20230209-1606\jars\wagon-provider-api-3.5.3.jar
2023-10-05 14:32:44,540 [Worker-29: Launching mavenrun-c93c2409-14e8-403d-8ac5-9079c332ea75] INFO  o.eclipse.m2e.core.internal.Bundles - getClasspathEntries(Bundle=com.google.guava_31.1.0.jre [11])
2023-10-05 14:32:44,541 [Worker-29: Launching mavenrun-c93c2409-14e8-403d-8ac5-9079c332ea75] INFO  o.eclipse.m2e.core.internal.Bundles - 	Entry: C:\Users\pramitad\Downloads\eclipse-jee-2023-03-R-win32-x86_64 (1)\eclipse\plugins\com.google.guava_31.1.0.jre.jar
2023-10-05 14:32:44,541 [Worker-29: Launching mavenrun-c93c2409-14e8-403d-8ac5-9079c332ea75] INFO  o.eclipse.m2e.core.internal.Bundles - getClasspathEntries(Bundle=slf4j.api_1.7.36 [924])
2023-10-05 14:32:44,770 [Worker-29: Launching mavenrun-c93c2409-14e8-403d-8ac5-9079c332ea75] INFO  o.eclipse.m2e.core.internal.Bundles - 	Entry: C:\Users\pramitad\Downloads\eclipse-jee-2023-03-R-win32-x86_64 (1)\eclipse\plugins\slf4j.api_1.7.36.jar
2023-10-05 14:32:44,771 [Worker-29: Launching mavenrun-c93c2409-14e8-403d-8ac5-9079c332ea75] INFO  o.eclipse.m2e.core.internal.Bundles - getClasspathEntries(Bundle=javax.inject_1.0.0.v20220405-0441 [35])
2023-10-05 14:32:44,908 [Worker-29: Launching mavenrun-c93c2409-14e8-403d-8ac5-9079c332ea75] INFO  o.eclipse.m2e.core.internal.Bundles - 	Entry: C:\Users\pramitad\Downloads\eclipse-jee-2023-03-R-win32-x86_64 (1)\eclipse\plugins\javax.inject_1.0.0.v20220405-0441.jar
2023-10-05 14:32:44,909 [Worker-29: Launching mavenrun-c93c2409-14e8-403d-8ac5-9079c332ea75] INFO  o.eclipse.m2e.core.internal.Bundles - getClasspathEntries(Bundle=javax.annotation_1.3.5.v20221203-1659 [33])
2023-10-05 14:32:45,110 [Worker-29: Launching mavenrun-c93c2409-14e8-403d-8ac5-9079c332ea75] INFO  o.eclipse.m2e.core.internal.Bundles - 	Entry: C:\Users\pramitad\Downloads\eclipse-jee-2023-03-R-win32-x86_64 (1)\eclipse\plugins\javax.annotation_1.3.5.v20221203-1659.jar
2023-10-05 14:32:45,110 [Worker-29: Launching mavenrun-c93c2409-14e8-403d-8ac5-9079c332ea75] INFO  o.eclipse.m2e.core.internal.Bundles - getClasspathEntries(Bundle=org.apache.commons.cli_1.4.0.v20221112-0806 [67])
2023-10-05 14:32:45,111 [Worker-29: Launching mavenrun-c93c2409-14e8-403d-8ac5-9079c332ea75] INFO  o.eclipse.m2e.core.internal.Bundles - 	Entry: C:\Users\pramitad\Downloads\eclipse-jee-2023-03-R-win32-x86_64 (1)\eclipse\plugins\org.apache.commons.cli_1.4.0.v20221112-0806.jar
2023-10-05 14:32:45,111 [Worker-29: Launching mavenrun-c93c2409-14e8-403d-8ac5-9079c332ea75] INFO  o.eclipse.m2e.core.internal.Bundles - getClasspathEntries(Bundle=com.google.guava.failureaccess_1.0.1 [13])
2023-10-05 14:32:45,185 [Worker-29: Launching mavenrun-c93c2409-14e8-403d-8ac5-9079c332ea75] INFO  o.eclipse.m2e.core.internal.Bundles - 	Entry: C:\Users\pramitad\Downloads\eclipse-jee-2023-03-R-win32-x86_64 (1)\eclipse\plugins\com.google.guava.failureaccess_1.0.1.jar
2023-10-05 14:32:45,189 [Worker-29: Launching mavenrun-c93c2409-14e8-403d-8ac5-9079c332ea75] INFO  o.e.m.i.launch.MavenLaunchDelegate - Run build in "C:\Users\pramitad\AppData\Local\Temp\m2e-archetypeGenerator8479520185964291933":
2023-10-05 14:32:45,193 [Worker-29: Launching mavenrun-c93c2409-14e8-403d-8ac5-9079c332ea75] INFO  o.e.m.i.launch.MavenLaunchDelegate -  mvn  -DarchetypeGroupId=org.glassfish.jersey.archetypes -DarchetypeArtifactId=jersey-quickstart-webapp -DarchetypeVersion=3.1.3 -DgroupId=infinite -DartifactId=jsfhib -Dversion=0.0.1-SNAPSHOT -Dpackage=com.java.jsfhib -DoutputDirectory=D:\jsfHib -Dstyle.color=always -U archetype:generate
2023-10-05 14:33:03,861 [Worker-27: Creating jersey-quickstart-webapp] INFO  o.e.m.c.i.p.ProjectConfigurationManager - Collecting project info '/pom.xml' D:\jsfHib\jsfhib\pom.xml
2023-10-05 14:33:11,715 [Worker-27: Creating jersey-quickstart-webapp] INFO  o.e.m.c.i.l.LifecycleMappingFactory - Using org.maven.ide.eclipse.wtp.WarLifecycleMapping lifecycle mapping for MavenProject: infinite:jsfhib:0.0.1-SNAPSHOT @ D:\jsfHib\jsfhib\pom.xml.
2023-10-05 14:33:15,097 [Worker-27: Creating jersey-quickstart-webapp] INFO  o.e.m.j.i.AbstractJavaProjectConfigurator - Adding source folder /jsfhib/src/main/java
2023-10-05 14:33:15,097 [Worker-27: Creating jersey-quickstart-webapp] INFO  o.e.m.j.i.AbstractJavaProjectConfigurator - Adding resource folder /jsfhib/src/main/resources
2023-10-05 14:33:15,105 [Worker-27: Creating jersey-quickstart-webapp] INFO  o.e.m.j.i.AbstractJavaProjectConfigurator - Adding source folder /jsfhib/src/test/java
2023-10-05 14:33:18,858 [Worker-27: Creating jersey-quickstart-webapp] INFO  o.e.m.c.i.embedder.EclipseLogger - Using 'UTF-8' encoding to copy filtered resources.
2023-10-05 14:33:18,864 [Worker-27: Creating jersey-quickstart-webapp] INFO  o.e.m.c.i.embedder.EclipseLogger - Copying 0 resource
2023-10-05 14:33:18,867 [Worker-27: Creating jersey-quickstart-webapp] INFO  o.e.m.c.i.embedder.EclipseLogger - Using 'UTF-8' encoding to copy filtered resources.
2023-10-05 14:33:18,867 [Worker-27: Creating jersey-quickstart-webapp] INFO  o.e.m.c.i.embedder.EclipseLogger - skip non existing resourceDirectory D:\jsfHib\jsfhib\src\test\resources
2023-10-05 14:33:20,004 [Worker-27: Creating jersey-quickstart-webapp] INFO  o.e.m.c.i.p.ProjectConfigurationManager - Imported and configured 1 project(s) in 16 sec
2023-10-05 14:33:20,946 [Worker-30: Building] INFO  o.e.m.c.i.embedder.EclipseLogger - Using 'UTF-8' encoding to copy filtered resources.
2023-10-05 14:33:20,947 [Worker-30: Building] INFO  o.e.m.c.i.embedder.EclipseLogger - Copying 0 resource
2023-10-05 14:33:20,949 [Worker-30: Building] INFO  o.e.m.c.i.embedder.EclipseLogger - Using 'UTF-8' encoding to copy filtered resources.
2023-10-05 14:33:20,949 [Worker-30: Building] INFO  o.e.m.c.i.embedder.EclipseLogger - skip non existing resourceDirectory D:\jsfHib\jsfhib\src\test\resources
2023-10-06 15:22:50,472 [Worker-5: Loading available Gradle versions] INFO  o.e.b.c.i.u.g.PublishedGradleVersions - Gradle version information cache is up-to-date. Trying to read.
